{"meta": {"format": 3, "version": "7.12.0", "timestamp": "2026-06-09T15:06:45.972708", "branch_coverage": false, "show_contexts": false}, "files": {"apps/payments/__init__.py": {"executed_lines": [0], "summary": {"covered_lines": 0, "num_statements": 0, "percent_covered": 100.0, "percent_covered_display": "100", "missing_lines": 0, "excluded_lines": 0, "percent_statements_covered": 100.0, "percent_statements_covered_display": "100"}, "missing_lines": [], "excluded_lines": [], "functions": {"": {"executed_lines": [], "summary": {"covered_lines": 0, "num_statements": 0, "percent_covered": 100.0, "percent_covered_display": "100", "missing_lines": 0, "excluded_lines": 0, "percent_statements_covered": 100.0, "percent_statements_covered_display": "100"}, "missing_lines": [], "excluded_lines": []}}, "classes": {"": {"executed_lines": [], "summary": {"covered_lines": 0, "num_statements": 0, "percent_covered": 100.0, "percent_covered_display": "100", "missing_lines": 0, "excluded_lines": 0, "percent_statements_covered": 100.0, "percent_statements_covered_display": "100"}, "missing_lines": [], "excluded_lines": []}}}, "apps/payments/admin.py": {"executed_lines": [1, 2, 5, 6, 7, 8, 9, 10, 12, 24, 27, 30, 31, 32, 33, 34, 41, 52, 64, 71], "summary": {"covered_lines": 20, "num_statements": 26, "percent_covered": 76.92307692307692, "percent_covered_display": "77", "missing_lines": 6, "excluded_lines": 0, "percent_statements_covered": 76.92307692307692, "percent_statements_covered_display": "77"}, "missing_lines": [26, 66, 67, 68, 69, 70], "excluded_lines": [], "functions": {"OrderAdmin.organizer_payout_amount": {"executed_lines": [], "summary": {"covered_lines": 0, "num_statements": 1, "percent_covered": 0.0, "percent_covered_display": "0", "missing_lines": 1, "excluded_lines": 0, "percent_statements_covered": 0.0, "percent_statements_covered_display": "0"}, "missing_lines": [26], "excluded_lines": []}, "MPESATransactionAdmin.transaction_status": {"executed_lines": [], "summary": {"covered_lines": 0, "num_statements": 5, "percent_covered": 0.0, "percent_covered_display": "0", "missing_lines": 5, "excluded_lines": 0, "percent_statements_covered": 0.0, "percent_statements_covered_display": "0"}, "missing_lines": [66, 67, 68, 69, 70], "excluded_lines": []}, "": {"executed_lines": [1, 2, 5, 6, 7, 8, 9, 10, 12, 24, 27, 30, 31, 32, 33, 34, 41, 52, 64, 71], "summary": {"covered_lines": 20, "num_statements": 20, "percent_covered": 100.0, "percent_covered_display": "100", "missing_lines": 0, "excluded_lines": 0, "percent_statements_covered": 100.0, "percent_statements_covered_display": "100"}, "missing_lines": [], "excluded_lines": []}}, "classes": {"OrderAdmin": {"executed_lines": [], "summary": {"covered_lines": 0, "num_statements": 1, "percent_covered": 0.0, "percent_covered_display": "0", "missing_lines": 1, "excluded_lines": 0, "percent_statements_covered": 0.0, "percent_statements_covered_display": "0"}, "missing_lines": [26], "excluded_lines": []}, "MPESATransactionAdmin": {"executed_lines": [], "summary": {"covered_lines": 0, "num_statements": 5, "percent_covered": 0.0, "percent_covered_display": "0", "missing_lines": 5, "excluded_lines": 0, "percent_statements_covered": 0.0, "percent_statements_covered_display": "0"}, "missing_lines": [66, 67, 68, 69, 70], "excluded_lines": []}, "": {"executed_lines": [1, 2, 5, 6, 7, 8, 9, 10, 12, 24, 27, 30, 31, 32, 33, 34, 41, 52, 64, 71], "summary": {"covered_lines": 20, "num_statements": 20, "percent_covered": 100.0, "percent_covered_display": "100", "missing_lines": 0, "excluded_lines": 0, "percent_statements_covered": 100.0, "percent_statements_covered_display": "100"}, "missing_lines": [], "excluded_lines": []}}}, "apps/payments/apps.py": {"executed_lines": [1, 4, 5, 6], "summary": {"covered_lines": 4, "num_statements": 4, "percent_covered": 100.0, "percent_covered_display": "100", "missing_lines": 0, "excluded_lines": 0, "percent_statements_covered": 100.0, "percent_statements_covered_display": "100"}, "missing_lines": [], "excluded_lines": [], "functions": {"": {"executed_lines": [1, 4, 5, 6], "summary": {"covered_lines": 4, "num_statements": 4, "percent_covered": 100.0, "percent_covered_display": "100", "missing_lines": 0, "excluded_lines": 0, "percent_statements_covered": 100.0, "percent_statements_covered_display": "100"}, "missing_lines": [], "excluded_lines": []}}, "classes": {"PaymentsConfig": {"executed_lines": [], "summary": {"covered_lines": 0, "num_statements": 0, "percent_covered": 100.0, "percent_covered_display": "100", "missing_lines": 0, "excluded_lines": 0, "percent_statements_covered": 100.0, "percent_statements_covered_display": "100"}, "missing_lines": [], "excluded_lines": []}, "": {"executed_lines": [1, 4, 5, 6], "summary": {"covered_lines": 4, "num_statements": 4, "percent_covered": 100.0, "percent_covered_display": "100", "missing_lines": 0, "excluded_lines": 0, "percent_statements_covered": 100.0, "percent_statements_covered_display": "100"}, "missing_lines": [], "excluded_lines": []}}}, "apps/payments/conftest.py": {"executed_lines": [1, 7, 8, 9, 11, 13, 21, 40, 51, 58, 64, 65, 72, 73, 80, 81, 88, 89, 96, 97], "summary": {"covered_lines": 19, "num_statements": 34, "percent_covered": 55.88235294117647, "percent_covered_display": "56", "missing_lines": 15, "excluded_lines": 0, "percent_statements_covered": 55.88235294117647, "percent_statements_covered_display": "56"}, "missing_lines": [67, 68, 69, 75, 76, 77, 83, 84, 85, 91, 92, 93, 99, 100, 101], "excluded_lines": [], "functions": {"mock_daraja_stk_push": {"executed_lines": [], "summary": {"covered_lines": 0, "num_statements": 3, "percent_covered": 0.0, "percent_covered_display": "0", "missing_lines": 3, "excluded_lines": 0, "percent_statements_covered": 0.0, "percent_statements_covered_display": "0"}, "missing_lines": [67, 68, 69], "excluded_lines": []}, "mock_daraja_b2c": {"executed_lines": [], "summary": {"covered_lines": 0, "num_statements": 3, "percent_covered": 0.0, "percent_covered_display": "0", "missing_lines": 3, "excluded_lines": 0, "percent_statements_covered": 0.0, "percent_statements_covered_display": "0"}, "missing_lines": [75, 76, 77], "excluded_lines": []}, "mock_daraja_b2b": {"executed_lines": [], "summary": {"covered_lines": 0, "num_statements": 3, "percent_covered": 0.0, "percent_covered_display": "0", "missing_lines": 3, "excluded_lines": 0, "percent_statements_covered": 0.0, "percent_statements_covered_display": "0"}, "missing_lines": [83, 84, 85], "excluded_lines": []}, "mock_daraja_reversal": {"executed_lines": [], "summary": {"covered_lines": 0, "num_statements": 3, "percent_covered": 0.0, "percent_covered_display": "0", "missing_lines": 3, "excluded_lines": 0, "percent_statements_covered": 0.0, "percent_statements_covered_display": "0"}, "missing_lines": [91, 92, 93], "excluded_lines": []}, "mock_daraja_token": {"executed_lines": [], "summary": {"covered_lines": 0, "num_statements": 3, "percent_covered": 0.0, "percent_covered_display": "0", "missing_lines": 3, "excluded_lines": 0, "percent_statements_covered": 0.0, "percent_statements_covered_display": "0"}, "missing_lines": [99, 100, 101], "excluded_lines": []}, "": {"executed_lines": [1, 7, 8, 9, 11, 13, 21, 40, 51, 58, 64, 65, 72, 73, 80, 81, 88, 89, 96, 97], "summary": {"covered_lines": 19, "num_statements": 19, "percent_covered": 100.0, "percent_covered_display": "100", "missing_lines": 0, "excluded_lines": 0, "percent_statements_covered": 100.0, "percent_statements_covered_display": "100"}, "missing_lines": [], "excluded_lines": []}}, "classes": {"": {"executed_lines": [1, 7, 8, 9, 11, 13, 21, 40, 51, 58, 64, 65, 72, 73, 80, 81, 88, 89, 96, 97], "summary": {"covered_lines": 19, "num_statements": 34, "percent_covered": 55.88235294117647, "percent_covered_display": "56", "missing_lines": 15, "excluded_lines": 0, "percent_statements_covered": 55.88235294117647, "percent_statements_covered_display": "56"}, "missing_lines": [67, 68, 69, 75, 76, 77, 83, 84, 85, 91, 92, 93, 99, 100, 101], "excluded_lines": []}}}, "apps/payments/daraja.py": {"executed_lines": [1, 13, 14, 15, 16, 17, 18, 20, 21, 22, 23, 25, 28, 29, 30, 31, 32, 35, 36, 39, 41, 42, 43, 44, 45, 46, 49, 82, 90, 93, 94, 95, 96, 97, 98, 100, 106, 107, 112, 113, 116, 126, 197, 233, 290, 359], "summary": {"covered_lines": 45, "num_statements": 125, "percent_covered": 36.0, "percent_covered_display": "36", "missing_lines": 80, "excluded_lines": 0, "percent_statements_covered": 36.0, "percent_statements_covered_display": "36"}, "missing_lines": [37, 55, 56, 57, 58, 60, 62, 63, 65, 70, 72, 73, 76, 78, 79, 121, 122, 123, 145, 146, 147, 148, 149, 152, 154, 168, 173, 178, 184, 186, 188, 194, 203, 204, 205, 206, 208, 215, 220, 222, 228, 230, 244, 245, 246, 248, 261, 266, 271, 277, 279, 281, 287, 301, 302, 303, 306, 307, 308, 309, 310, 311, 313, 315, 330, 335, 340, 346, 348, 350, 356, 369, 371, 385, 390, 395, 401, 403, 405, 411], "excluded_lines": [], "functions": {"get_access_token": {"executed_lines": [], "summary": {"covered_lines": 0, "num_statements": 14, "percent_covered": 0.0, "percent_covered_display": "0", "missing_lines": 14, "excluded_lines": 0, "percent_statements_covered": 0.0, "percent_statements_covered_display": "0"}, "missing_lines": [55, 56, 57, 58, 60, 62, 63, 65, 70, 72, 73, 76, 78, 79], "excluded_lines": []}, "validate_phone": {"executed_lines": [90, 93, 94, 95, 96, 97, 98, 100, 106, 107, 112, 113], "summary": {"covered_lines": 12, "num_statements": 12, "percent_covered": 100.0, "percent_covered_display": "100", "missing_lines": 0, "excluded_lines": 0, "percent_statements_covered": 100.0, "percent_statements_covered_display": "100"}, "missing_lines": [], "excluded_lines": []}, "build_stk_password": {"executed_lines": [], "summary": {"covered_lines": 0, "num_statements": 3, "percent_covered": 0.0, "percent_covered_display": "0", "missing_lines": 3, "excluded_lines": 0, "percent_statements_covered": 0.0, "percent_statements_covered_display": "0"}, "missing_lines": [121, 122, 123], "excluded_lines": []}, "initiate_stk_push": {"executed_lines": [], "summary": {"covered_lines": 0, "num_statements": 14, "percent_covered": 0.0, "percent_covered_display": "0", "missing_lines": 14, "excluded_lines": 0, "percent_statements_covered": 0.0, "percent_statements_covered_display": "0"}, "missing_lines": [145, 146, 147, 148, 149, 152, 154, 168, 173, 178, 184, 186, 188, 194], "excluded_lines": []}, "query_stk_status": {"executed_lines": [], "summary": {"covered_lines": 0, "num_statements": 10, "percent_covered": 0.0, "percent_covered_display": "0", "missing_lines": 10, "excluded_lines": 0, "percent_statements_covered": 0.0, "percent_statements_covered_display": "0"}, "missing_lines": [203, 204, 205, 206, 208, 215, 220, 222, 228, 230], "excluded_lines": []}, "initiate_b2c_payout": {"executed_lines": [], "summary": {"covered_lines": 0, "num_statements": 11, "percent_covered": 0.0, "percent_covered_display": "0", "missing_lines": 11, "excluded_lines": 0, "percent_statements_covered": 0.0, "percent_statements_covered_display": "0"}, "missing_lines": [244, 245, 246, 248, 261, 266, 271, 277, 279, 281, 287], "excluded_lines": []}, "initiate_b2b_payout": {"executed_lines": [], "summary": {"covered_lines": 0, "num_statements": 18, "percent_covered": 0.0, "percent_covered_display": "0", "missing_lines": 18, "excluded_lines": 0, "percent_statements_covered": 0.0, "percent_statements_covered_display": "0"}, "missing_lines": [301, 302, 303, 306, 307, 308, 309, 310, 311, 313, 315, 330, 335, 340, 346, 348, 350, 356], "excluded_lines": []}, "initiate_reversal": {"executed_lines": [], "summary": {"covered_lines": 0, "num_statements": 9, "percent_covered": 0.0, "percent_covered_display": "0", "missing_lines": 9, "excluded_lines": 0, "percent_statements_covered": 0.0, "percent_statements_covered_display": "0"}, "missing_lines": [369, 371, 385, 390, 395, 401, 403, 405, 411], "excluded_lines": []}, "": {"executed_lines": [1, 13, 14, 15, 16, 17, 18, 20, 21, 22, 23, 25, 28, 29, 30, 31, 32, 35, 36, 39, 41, 42, 43, 44, 45, 46, 49, 82, 116, 126, 197, 233, 290, 359], "summary": {"covered_lines": 33, "num_statements": 34, "percent_covered": 97.05882352941177, "percent_covered_display": "97", "missing_lines": 1, "excluded_lines": 0, "percent_statements_covered": 97.05882352941177, "percent_statements_covered_display": "97"}, "missing_lines": [37], "excluded_lines": []}}, "classes": {"": {"executed_lines": [1, 13, 14, 15, 16, 17, 18, 20, 21, 22, 23, 25, 28, 29, 30, 31, 32, 35, 36, 39, 41, 42, 43, 44, 45, 46, 49, 82, 90, 93, 94, 95, 96, 97, 98, 100, 106, 107, 112, 113, 116, 126, 197, 233, 290, 359], "summary": {"covered_lines": 45, "num_statements": 125, "percent_covered": 36.0, "percent_covered_display": "36", "missing_lines": 80, "excluded_lines": 0, "percent_statements_covered": 36.0, "percent_statements_covered_display": "36"}, "missing_lines": [37, 55, 56, 57, 58, 60, 62, 63, 65, 70, 72, 73, 76, 78, 79, 121, 122, 123, 145, 146, 147, 148, 149, 152, 154, 168, 173, 178, 184, 186, 188, 194, 203, 204, 205, 206, 208, 215, 220, 222, 228, 230, 244, 245, 246, 248, 261, 266, 271, 277, 279, 281, 287, 301, 302, 303, 306, 307, 308, 309, 310, 311, 313, 315, 330, 335, 340, 346, 348, 350, 356, 369, 371, 385, 390, 395, 401, 403, 405, 411], "excluded_lines": []}}}, "apps/payments/management/__init__.py": {"executed_lines": [0], "summary": {"covered_lines": 0, "num_statements": 0, "percent_covered": 100.0, "percent_covered_display": "100", "missing_lines": 0, "excluded_lines": 0, "percent_statements_covered": 100.0, "percent_statements_covered_display": "100"}, "missing_lines": [], "excluded_lines": [], "functions": {"": {"executed_lines": [], "summary": {"covered_lines": 0, "num_statements": 0, "percent_covered": 100.0, "percent_covered_display": "100", "missing_lines": 0, "excluded_lines": 0, "percent_statements_covered": 100.0, "percent_statements_covered_display": "100"}, "missing_lines": [], "excluded_lines": []}}, "classes": {"": {"executed_lines": [], "summary": {"covered_lines": 0, "num_statements": 0, "percent_covered": 100.0, "percent_covered_display": "100", "missing_lines": 0, "excluded_lines": 0, "percent_statements_covered": 100.0, "percent_statements_covered_display": "100"}, "missing_lines": [], "excluded_lines": []}}}, "apps/payments/management/commands/__init__.py": {"executed_lines": [], "summary": {"covered_lines": 0, "num_statements": 0, "percent_covered": 100.0, "percent_covered_display": "100", "missing_lines": 0, "excluded_lines": 0, "percent_statements_covered": 100.0, "percent_statements_covered_display": "100"}, "missing_lines": [], "excluded_lines": [], "functions": {"": {"executed_lines": [], "summary": {"covered_lines": 0, "num_statements": 0, "percent_covered": 100.0, "percent_covered_display": "100", "missing_lines": 0, "excluded_lines": 0, "percent_statements_covered": 100.0, "percent_statements_covered_display": "100"}, "missing_lines": [], "excluded_lines": []}}, "classes": {"": {"executed_lines": [], "summary": {"covered_lines": 0, "num_statements": 0, "percent_covered": 100.0, "percent_covered_display": "100", "missing_lines": 0, "excluded_lines": 0, "percent_statements_covered": 100.0, "percent_statements_covered_display": "100"}, "missing_lines": [], "excluded_lines": []}}}, "apps/payments/management/commands/seed_payment_test_data.py": {"executed_lines": [], "summary": {"covered_lines": 0, "num_statements": 69, "percent_covered": 0.0, "percent_covered_display": "0", "missing_lines": 69, "excluded_lines": 0, "percent_statements_covered": 0.0, "percent_statements_covered_display": "0"}, "missing_lines": [10, 12, 13, 14, 15, 17, 18, 19, 21, 23, 26, 27, 29, 31, 34, 44, 45, 46, 47, 49, 51, 58, 59, 61, 63, 74, 75, 77, 80, 91, 92, 93, 94, 96, 98, 105, 106, 108, 110, 121, 122, 124, 127, 138, 139, 140, 141, 143, 146, 147, 149, 194, 195, 209, 210, 212, 215, 223, 224, 226, 229, 230, 231, 232, 233, 234, 235, 236, 237], "excluded_lines": [], "functions": {"Command.handle": {"executed_lines": [], "summary": {"covered_lines": 0, "num_statements": 56, "percent_covered": 0.0, "percent_covered_display": "0", "missing_lines": 56, "excluded_lines": 0, "percent_statements_covered": 0.0, "percent_statements_covered_display": "0"}, "missing_lines": [31, 34, 44, 45, 46, 47, 49, 51, 58, 59, 61, 63, 74, 75, 77, 80, 91, 92, 93, 94, 96, 98, 105, 106, 108, 110, 121, 122, 124, 127, 138, 139, 140, 141, 143, 146, 147, 149, 194, 195, 209, 210, 212, 215, 223, 224, 226, 229, 230, 231, 232, 233, 234, 235, 236, 237], "excluded_lines": []}, "": {"executed_lines": [], "summary": {"covered_lines": 0, "num_statements": 13, "percent_covered": 0.0, "percent_covered_display": "0", "missing_lines": 13, "excluded_lines": 0, "percent_statements_covered": 0.0, "percent_statements_covered_display": "0"}, "missing_lines": [10, 12, 13, 14, 15, 17, 18, 19, 21, 23, 26, 27, 29], "excluded_lines": []}}, "classes": {"Command": {"executed_lines": [], "summary": {"covered_lines": 0, "num_statements": 56, "percent_covered": 0.0, "percent_covered_display": "0", "missing_lines": 56, "excluded_lines": 0, "percent_statements_covered": 0.0, "percent_statements_covered_display": "0"}, "missing_lines": [31, 34, 44, 45, 46, 47, 49, 51, 58, 59, 61, 63, 74, 75, 77, 80, 91, 92, 93, 94, 96, 98, 105, 106, 108, 110, 121, 122, 124, 127, 138, 139, 140, 141, 143, 146, 147, 149, 194, 195, 209, 210, 212, 215, 223, 224, 226, 229, 230, 231, 232, 233, 234, 235, 236, 237], "excluded_lines": []}, "": {"executed_lines": [], "summary": {"covered_lines": 0, "num_statements": 13, "percent_covered": 0.0, "percent_covered_display": "0", "missing_lines": 13, "excluded_lines": 0, "percent_statements_covered": 0.0, "percent_statements_covered_display": "0"}, "missing_lines": [10, 12, 13, 14, 15, 17, 18, 19, 21, 23, 26, 27, 29], "excluded_lines": []}}}, "apps/payments/migrations/0001_initial.py": {"executed_lines": [], "summary": {"covered_lines": 0, "num_statements": 7, "percent_covered": 0.0, "percent_covered_display": "0", "missing_lines": 7, "excluded_lines": 0, "percent_statements_covered": 0.0, "percent_statements_covered_display": "0"}, "missing_lines": [3, 4, 5, 8, 10, 12, 16], "excluded_lines": [], "functions": {"": {"executed_lines": [], "summary": {"covered_lines": 0, "num_statements": 7, "percent_covered": 0.0, "percent_covered_display": "0", "missing_lines": 7, "excluded_lines": 0, "percent_statements_covered": 0.0, "percent_statements_covered_display": "0"}, "missing_lines": [3, 4, 5, 8, 10, 12, 16], "excluded_lines": []}}, "classes": {"Migration": {"executed_lines": [], "summary": {"covered_lines": 0, "num_statements": 0, "percent_covered": 100.0, "percent_covered_display": "100", "missing_lines": 0, "excluded_lines": 0, "percent_statements_covered": 100.0, "percent_statements_covered_display": "100"}, "missing_lines": [], "excluded_lines": []}, "": {"executed_lines": [], "summary": {"covered_lines": 0, "num_statements": 7, "percent_covered": 0.0, "percent_covered_display": "0", "missing_lines": 7, "excluded_lines": 0, "percent_statements_covered": 0.0, "percent_statements_covered_display": "0"}, "missing_lines": [3, 4, 5, 8, 10, 12, 16], "excluded_lines": []}}}, "apps/payments/migrations/0002_initial.py": {"executed_lines": [], "summary": {"covered_lines": 0, "num_statements": 7, "percent_covered": 0.0, "percent_covered_display": "0", "missing_lines": 7, "excluded_lines": 0, "percent_statements_covered": 0.0, "percent_statements_covered_display": "0"}, "missing_lines": [3, 4, 5, 8, 10, 12, 17], "excluded_lines": [], "functions": {"": {"executed_lines": [], "summary": {"covered_lines": 0, "num_statements": 7, "percent_covered": 0.0, "percent_covered_display": "0", "missing_lines": 7, "excluded_lines": 0, "percent_statements_covered": 0.0, "percent_statements_covered_display": "0"}, "missing_lines": [3, 4, 5, 8, 10, 12, 17], "excluded_lines": []}}, "classes": {"Migration": {"executed_lines": [], "summary": {"covered_lines": 0, "num_statements": 0, "percent_covered": 100.0, "percent_covered_display": "100", "missing_lines": 0, "excluded_lines": 0, "percent_statements_covered": 100.0, "percent_statements_covered_display": "100"}, "missing_lines": [], "excluded_lines": []}, "": {"executed_lines": [], "summary": {"covered_lines": 0, "num_statements": 7, "percent_covered": 0.0, "percent_covered_display": "0", "missing_lines": 7, "excluded_lines": 0, "percent_statements_covered": 0.0, "percent_statements_covered_display": "0"}, "missing_lines": [3, 4, 5, 8, 10, 12, 17], "excluded_lines": []}}}, "apps/payments/migrations/0003_order_paid_at_alter_order_platform_fee_and_more.py": {"executed_lines": [], "summary": {"covered_lines": 0, "num_statements": 4, "percent_covered": 0.0, "percent_covered_display": "0", "missing_lines": 4, "excluded_lines": 0, "percent_statements_covered": 0.0, "percent_statements_covered_display": "0"}, "missing_lines": [3, 6, 8, 12], "excluded_lines": [], "functions": {"": {"executed_lines": [], "summary": {"covered_lines": 0, "num_statements": 4, "percent_covered": 0.0, "percent_covered_display": "0", "missing_lines": 4, "excluded_lines": 0, "percent_statements_covered": 0.0, "percent_statements_covered_display": "0"}, "missing_lines": [3, 6, 8, 12], "excluded_lines": []}}, "classes": {"Migration": {"executed_lines": [], "summary": {"covered_lines": 0, "num_statements": 0, "percent_covered": 100.0, "percent_covered_display": "100", "missing_lines": 0, "excluded_lines": 0, "percent_statements_covered": 100.0, "percent_statements_covered_display": "100"}, "missing_lines": [], "excluded_lines": []}, "": {"executed_lines": [], "summary": {"covered_lines": 0, "num_statements": 4, "percent_covered": 0.0, "percent_covered_display": "0", "missing_lines": 4, "excluded_lines": 0, "percent_statements_covered": 0.0, "percent_statements_covered_display": "0"}, "missing_lines": [3, 6, 8, 12], "excluded_lines": []}}}, "apps/payments/migrations/__init__.py": {"executed_lines": [], "summary": {"covered_lines": 0, "num_statements": 0, "percent_covered": 100.0, "percent_covered_display": "100", "missing_lines": 0, "excluded_lines": 0, "percent_statements_covered": 100.0, "percent_statements_covered_display": "100"}, "missing_lines": [], "excluded_lines": [], "functions": {"": {"executed_lines": [], "summary": {"covered_lines": 0, "num_statements": 0, "percent_covered": 100.0, "percent_covered_display": "100", "missing_lines": 0, "excluded_lines": 0, "percent_statements_covered": 100.0, "percent_statements_covered_display": "100"}, "missing_lines": [], "excluded_lines": []}}, "classes": {"": {"executed_lines": [], "summary": {"covered_lines": 0, "num_statements": 0, "percent_covered": 100.0, "percent_covered_display": "100", "missing_lines": 0, "excluded_lines": 0, "percent_statements_covered": 100.0, "percent_statements_covered_display": "100"}, "missing_lines": [], "excluded_lines": []}}}, "apps/payments/models.py": {"executed_lines": [1, 2, 5, 6, 12, 18, 26, 33, 35, 41, 47, 53, 65, 66, 67, 73, 74, 75, 76, 77, 84, 87, 88, 89, 91, 93, 95, 96, 97, 100, 101, 105, 112, 113, 118, 120, 126, 132, 139, 141, 142, 143, 144, 145, 151, 152, 154, 156], "summary": {"covered_lines": 46, "num_statements": 46, "percent_covered": 100.0, "percent_covered_display": "100", "missing_lines": 0, "excluded_lines": 0, "percent_statements_covered": 100.0, "percent_statements_covered_display": "100"}, "missing_lines": [], "excluded_lines": [], "functions": {"Order.save": {"executed_lines": [87, 88, 89], "summary": {"covered_lines": 3, "num_statements": 3, "percent_covered": 100.0, "percent_covered_display": "100", "missing_lines": 0, "excluded_lines": 0, "percent_statements_covered": 100.0, "percent_statements_covered_display": "100"}, "missing_lines": [], "excluded_lines": []}, "Order.organizer_payout_amount": {"executed_lines": [93], "summary": {"covered_lines": 1, "num_statements": 1, "percent_covered": 100.0, "percent_covered_display": "100", "missing_lines": 0, "excluded_lines": 0, "percent_statements_covered": 100.0, "percent_statements_covered_display": "100"}, "missing_lines": [], "excluded_lines": []}, "Order.__str__": {"executed_lines": [96, 97], "summary": {"covered_lines": 2, "num_statements": 2, "percent_covered": 100.0, "percent_covered_display": "100", "missing_lines": 0, "excluded_lines": 0, "percent_statements_covered": 100.0, "percent_statements_covered_display": "100"}, "missing_lines": [], "excluded_lines": []}, "MPESATransaction.__str__": {"executed_lines": [152], "summary": {"covered_lines": 1, "num_statements": 1, "percent_covered": 100.0, "percent_covered_display": "100", "missing_lines": 0, "excluded_lines": 0, "percent_statements_covered": 100.0, "percent_statements_covered_display": "100"}, "missing_lines": [], "excluded_lines": []}, "MPESATransaction.is_successful": {"executed_lines": [156], "summary": {"covered_lines": 1, "num_statements": 1, "percent_covered": 100.0, "percent_covered_display": "100", "missing_lines": 0, "excluded_lines": 0, "percent_statements_covered": 100.0, "percent_statements_covered_display": "100"}, "missing_lines": [], "excluded_lines": []}, "": {"executed_lines": [1, 2, 5, 6, 12, 18, 26, 33, 35, 41, 47, 53, 65, 66, 67, 73, 74, 75, 76, 77, 84, 91, 95, 100, 101, 105, 112, 113, 118, 120, 126, 132, 139, 141, 142, 143, 144, 145, 151, 154], "summary": {"covered_lines": 38, "num_statements": 38, "percent_covered": 100.0, "percent_covered_display": "100", "missing_lines": 0, "excluded_lines": 0, "percent_statements_covered": 100.0, "percent_statements_covered_display": "100"}, "missing_lines": [], "excluded_lines": []}}, "classes": {"Order": {"executed_lines": [87, 88, 89, 93, 96, 97], "summary": {"covered_lines": 6, "num_statements": 6, "percent_covered": 100.0, "percent_covered_display": "100", "missing_lines": 0, "excluded_lines": 0, "percent_statements_covered": 100.0, "percent_statements_covered_display": "100"}, "missing_lines": [], "excluded_lines": []}, "Order.Meta": {"executed_lines": [], "summary": {"covered_lines": 0, "num_statements": 0, "percent_covered": 100.0, "percent_covered_display": "100", "missing_lines": 0, "excluded_lines": 0, "percent_statements_covered": 100.0, "percent_statements_covered_display": "100"}, "missing_lines": [], "excluded_lines": []}, "MPESATransaction": {"executed_lines": [152, 156], "summary": {"covered_lines": 2, "num_statements": 2, "percent_covered": 100.0, "percent_covered_display": "100", "missing_lines": 0, "excluded_lines": 0, "percent_statements_covered": 100.0, "percent_statements_covered_display": "100"}, "missing_lines": [], "excluded_lines": []}, "MPESATransaction.Meta": {"executed_lines": [], "summary": {"covered_lines": 0, "num_statements": 0, "percent_covered": 100.0, "percent_covered_display": "100", "missing_lines": 0, "excluded_lines": 0, "percent_statements_covered": 100.0, "percent_statements_covered_display": "100"}, "missing_lines": [], "excluded_lines": []}, "": {"executed_lines": [1, 2, 5, 6, 12, 18, 26, 33, 35, 41, 47, 53, 65, 66, 67, 73, 74, 75, 76, 77, 84, 91, 95, 100, 101, 105, 112, 113, 118, 120, 126, 132, 139, 141, 142, 143, 144, 145, 151, 154], "summary": {"covered_lines": 38, "num_statements": 38, "percent_covered": 100.0, "percent_covered_display": "100", "missing_lines": 0, "excluded_lines": 0, "percent_statements_covered": 100.0, "percent_statements_covered_display": "100"}, "missing_lines": [], "excluded_lines": []}}}, "apps/payments/serializers.py": {"executed_lines": [1, 7, 9, 12, 13, 14, 18, 19, 25, 26, 31, 32, 33, 34, 37, 38, 39, 42, 43, 44, 47, 48, 51, 52, 53, 56, 57, 58], "summary": {"covered_lines": 21, "num_statements": 21, "percent_covered": 100.0, "percent_covered_display": "100", "missing_lines": 0, "excluded_lines": 0, "percent_statements_covered": 100.0, "percent_statements_covered_display": "100"}, "missing_lines": [], "excluded_lines": [], "functions": {"": {"executed_lines": [1, 7, 9, 12, 13, 14, 18, 19, 25, 26, 31, 32, 33, 34, 37, 38, 39, 42, 43, 44, 47, 48, 51, 52, 53, 56, 57, 58], "summary": {"covered_lines": 21, "num_statements": 21, "percent_covered": 100.0, "percent_covered_display": "100", "missing_lines": 0, "excluded_lines": 0, "percent_statements_covered": 100.0, "percent_statements_covered_display": "100"}, "missing_lines": [], "excluded_lines": []}}, "classes": {"InitiatePaymentSerializer": {"executed_lines": [], "summary": {"covered_lines": 0, "num_statements": 0, "percent_covered": 100.0, "percent_covered_display": "100", "missing_lines": 0, "excluded_lines": 0, "percent_statements_covered": 100.0, "percent_statements_covered_display": "100"}, "missing_lines": [], "excluded_lines": []}, "OrderResponseSerializer": {"executed_lines": [], "summary": {"covered_lines": 0, "num_statements": 0, "percent_covered": 100.0, "percent_covered_display": "100", "missing_lines": 0, "excluded_lines": 0, "percent_statements_covered": 100.0, "percent_statements_covered_display": "100"}, "missing_lines": [], "excluded_lines": []}, "OrderResponseSerializer.Meta": {"executed_lines": [], "summary": {"covered_lines": 0, "num_statements": 0, "percent_covered": 100.0, "percent_covered_display": "100", "missing_lines": 0, "excluded_lines": 0, "percent_statements_covered": 100.0, "percent_statements_covered_display": "100"}, "missing_lines": [], "excluded_lines": []}, "PaymentStatusSerializer": {"executed_lines": [], "summary": {"covered_lines": 0, "num_statements": 0, "percent_covered": 100.0, "percent_covered_display": "100", "missing_lines": 0, "excluded_lines": 0, "percent_statements_covered": 100.0, "percent_statements_covered_display": "100"}, "missing_lines": [], "excluded_lines": []}, "PaymentStatusResponseSerializer": {"executed_lines": [], "summary": {"covered_lines": 0, "num_statements": 0, "percent_covered": 100.0, "percent_covered_display": "100", "missing_lines": 0, "excluded_lines": 0, "percent_statements_covered": 100.0, "percent_statements_covered_display": "100"}, "missing_lines": [], "excluded_lines": []}, "InitiatePayoutSerializer": {"executed_lines": [], "summary": {"covered_lines": 0, "num_statements": 0, "percent_covered": 100.0, "percent_covered_display": "100", "missing_lines": 0, "excluded_lines": 0, "percent_statements_covered": 100.0, "percent_statements_covered_display": "100"}, "missing_lines": [], "excluded_lines": []}, "InitiateReversalSerializer": {"executed_lines": [], "summary": {"covered_lines": 0, "num_statements": 0, "percent_covered": 100.0, "percent_covered_display": "100", "missing_lines": 0, "excluded_lines": 0, "percent_statements_covered": 100.0, "percent_statements_covered_display": "100"}, "missing_lines": [], "excluded_lines": []}, "": {"executed_lines": [1, 7, 9, 12, 13, 14, 18, 19, 25, 26, 31, 32, 33, 34, 37, 38, 39, 42, 43, 44, 47, 48, 51, 52, 53, 56, 57, 58], "summary": {"covered_lines": 21, "num_statements": 21, "percent_covered": 100.0, "percent_covered_display": "100", "missing_lines": 0, "excluded_lines": 0, "percent_statements_covered": 100.0, "percent_statements_covered_display": "100"}, "missing_lines": [], "excluded_lines": []}}}, "apps/payments/tasks.py": {"executed_lines": [1, 7, 8, 10, 11, 12, 13, 15, 16, 17, 18, 19, 21, 24, 25, 37, 38, 39, 41, 44, 50, 54, 56, 57, 59, 60, 63, 67, 69, 71, 72, 75, 76, 87, 92, 94, 95, 96, 97, 101, 102, 105, 110, 121, 125, 129, 133, 134, 136, 139, 140, 141, 142, 147, 148, 150, 153, 154, 165, 167, 169, 174, 179, 180, 181, 182, 183, 184, 186, 187, 190, 191, 201, 203, 205, 210, 212, 213, 215, 217, 219, 220, 226, 227, 228, 230, 232, 240, 241, 244, 245, 256, 258, 259, 261, 263, 266, 267, 268, 269, 270, 272, 273, 274, 275, 277, 280, 282, 283, 285], "summary": {"covered_lines": 109, "num_statements": 120, "percent_covered": 90.83333333333333, "percent_covered_display": "91", "missing_lines": 11, "excluded_lines": 0, "percent_statements_covered": 90.83333333333333, "percent_statements_covered_display": "91"}, "missing_lines": [98, 99, 126, 127, 130, 131, 144, 170, 171, 237, 238], "excluded_lines": [], "functions": {"expire_stale_orders": {"executed_lines": [37, 38, 39, 41, 44, 50, 54, 56, 57, 59, 60, 63, 67, 69, 71, 72], "summary": {"covered_lines": 16, "num_statements": 16, "percent_covered": 100.0, "percent_covered_display": "100", "missing_lines": 0, "excluded_lines": 0, "percent_statements_covered": 100.0, "percent_statements_covered_display": "100"}, "missing_lines": [], "excluded_lines": []}, "process_scheduled_payouts": {"executed_lines": [87, 92, 94, 95, 96, 97, 101, 102], "summary": {"covered_lines": 8, "num_statements": 10, "percent_covered": 80.0, "percent_covered_display": "80", "missing_lines": 2, "excluded_lines": 0, "percent_statements_covered": 80.0, "percent_statements_covered_display": "80"}, "missing_lines": [98, 99], "excluded_lines": []}, "process_single_payout": {"executed_lines": [121, 125, 129, 133, 134, 136, 139, 140, 141, 142, 147, 148, 150], "summary": {"covered_lines": 13, "num_statements": 18, "percent_covered": 72.22222222222223, "percent_covered_display": "72", "missing_lines": 5, "excluded_lines": 0, "percent_statements_covered": 72.22222222222223, "percent_statements_covered_display": "72"}, "missing_lines": [126, 127, 130, 131, 144], "excluded_lines": []}, "handle_event_cancellation": {"executed_lines": [165, 167, 169, 174, 179, 180, 181, 182, 183, 184, 186, 187], "summary": {"covered_lines": 12, "num_statements": 14, "percent_covered": 85.71428571428571, "percent_covered_display": "86", "missing_lines": 2, "excluded_lines": 0, "percent_statements_covered": 85.71428571428571, "percent_statements_covered_display": "86"}, "missing_lines": [170, 171], "excluded_lines": []}, "refund_cancelled_event_orders": {"executed_lines": [201, 203, 205, 210, 212, 213, 215, 217, 219, 220, 226, 227, 228, 230, 232, 240, 241], "summary": {"covered_lines": 17, "num_statements": 19, "percent_covered": 89.47368421052632, "percent_covered_display": "89", "missing_lines": 2, "excluded_lines": 0, "percent_statements_covered": 89.47368421052632, "percent_statements_covered_display": "89"}, "missing_lines": [237, 238], "excluded_lines": []}, "handle_payout_callback": {"executed_lines": [256, 258, 259, 261, 263, 266, 267, 268, 269, 270, 272, 273, 274, 275, 277, 280, 282, 283, 285], "summary": {"covered_lines": 19, "num_statements": 19, "percent_covered": 100.0, "percent_covered_display": "100", "missing_lines": 0, "excluded_lines": 0, "percent_statements_covered": 100.0, "percent_statements_covered_display": "100"}, "missing_lines": [], "excluded_lines": []}, "": {"executed_lines": [1, 7, 8, 10, 11, 12, 13, 15, 16, 17, 18, 19, 21, 24, 25, 75, 76, 105, 110, 153, 154, 190, 191, 244, 245], "summary": {"covered_lines": 24, "num_statements": 24, "percent_covered": 100.0, "percent_covered_display": "100", "missing_lines": 0, "excluded_lines": 0, "percent_statements_covered": 100.0, "percent_statements_covered_display": "100"}, "missing_lines": [], "excluded_lines": []}}, "classes": {"": {"executed_lines": [1, 7, 8, 10, 11, 12, 13, 15, 16, 17, 18, 19, 21, 24, 25, 37, 38, 39, 41, 44, 50, 54, 56, 57, 59, 60, 63, 67, 69, 71, 72, 75, 76, 87, 92, 94, 95, 96, 97, 101, 102, 105, 110, 121, 125, 129, 133, 134, 136, 139, 140, 141, 142, 147, 148, 150, 153, 154, 165, 167, 169, 174, 179, 180, 181, 182, 183, 184, 186, 187, 190, 191, 201, 203, 205, 210, 212, 213, 215, 217, 219, 220, 226, 227, 228, 230, 232, 240, 241, 244, 245, 256, 258, 259, 261, 263, 266, 267, 268, 269, 270, 272, 273, 274, 275, 277, 280, 282, 283, 285], "summary": {"covered_lines": 109, "num_statements": 120, "percent_covered": 90.83333333333333, "percent_covered_display": "91", "missing_lines": 11, "excluded_lines": 0, "percent_statements_covered": 90.83333333333333, "percent_statements_covered_display": "91"}, "missing_lines": [98, 99, 126, 127, 130, 131, 144, 170, 171, 237, 238], "excluded_lines": []}}}, "apps/payments/test_api.py": {"executed_lines": [1, 13, 14, 15, 17, 18, 19, 21, 22, 23, 28, 36, 39, 71, 72, 73, 84, 85, 86, 87, 88, 94, 101, 109, 111, 118, 126, 127, 130, 132, 135, 136, 139, 140, 141, 144, 145, 146, 147, 148, 149, 150, 151, 154, 155, 156, 157, 158, 160, 162, 164, 170, 171, 173, 174, 176, 178, 179, 181, 182, 188, 189, 191, 192, 193, 195, 196, 198, 210, 213, 219, 220, 226, 227, 229, 230, 231, 233, 235, 237, 244, 245, 247, 248, 250, 251, 253, 262, 264, 271, 277, 278, 280, 283, 284, 285, 289, 293, 296, 297, 298, 330, 331, 332, 333, 334, 335, 343, 348, 357, 360, 379, 382, 385, 386, 387, 388, 389, 392, 393, 396, 397, 398, 399, 400, 405, 407, 409, 412, 423, 425, 428, 429, 430, 431, 432, 435, 436, 439, 441, 443, 445, 462, 463, 465, 466, 469, 471, 473, 475, 485, 488, 491, 492, 493, 499, 500, 501, 502, 503, 508, 510, 512, 513, 515, 516, 517, 519, 521, 523, 524, 525, 526, 527, 529, 531, 532, 534, 535, 536, 537, 539, 541, 542, 544, 545, 547, 550, 551, 552, 564, 567, 570, 575, 576, 579, 582, 584, 585, 587, 588, 594, 595, 596, 607, 608, 609, 616, 619, 652, 654, 655, 661, 662, 663, 664, 666, 668, 669, 670, 677, 723, 724, 725, 727, 729, 731, 732, 734, 736, 738, 739, 741, 743, 745, 746, 748, 750, 751, 753, 754, 756, 758, 759, 761, 762, 764, 766, 767, 769, 770, 773, 774, 775, 777, 779, 780, 782, 784, 786, 787, 789, 792, 793, 794, 796, 797, 798, 799, 801, 803, 805, 806, 812, 813, 819, 822, 823, 826, 828, 829, 830, 833, 834, 836, 838, 841, 848, 853, 859, 860, 862, 863, 864, 865, 867, 869, 872, 879, 885, 886, 888, 889, 892, 893, 894, 896, 897, 898, 900, 902, 904, 906, 907, 913, 914, 920, 922, 923, 925, 927, 929, 930, 936, 942, 943, 946, 957, 958, 960, 961, 963, 965, 967, 968, 975, 978, 980, 982, 983, 985, 986, 988, 990, 991, 992, 994, 995, 1001, 1002, 1004, 1005, 1007, 1013, 1020, 1021, 1023, 1024, 1026, 1027, 1030, 1031, 1032, 1034, 1035, 1037, 1039, 1045, 1046, 1048, 1050, 1060, 1061, 1063, 1065, 1066, 1067, 1068, 1070, 1087, 1088, 1090, 1091, 1094, 1095, 1096, 1098, 1100, 1101, 1102, 1103, 1105, 1122, 1123], "summary": {"covered_lines": 383, "num_statements": 392, "percent_covered": 97.70408163265306, "percent_covered_display": "98", "missing_lines": 9, "excluded_lines": 0, "percent_statements_covered": 97.70408163265306, "percent_statements_covered_display": "98"}, "missing_lines": [627, 634, 641, 642, 644, 646, 647, 649, 650], "excluded_lines": [], "functions": {"TestPaymentInitiationAPI.setup_method": {"executed_lines": [85, 86, 87, 88, 94], "summary": {"covered_lines": 5, "num_statements": 5, "percent_covered": 100.0, "percent_covered_display": "100", "missing_lines": 0, "excluded_lines": 0, "percent_statements_covered": 100.0, "percent_statements_covered_display": "100"}, "missing_lines": [], "excluded_lines": []}, "TestPaymentInitiationAPI.test_initiate_payment_success": {"executed_lines": [109, 111, 118, 126, 127, 130, 132, 135, 136, 139, 140, 141, 144, 145, 146, 147, 148, 149, 150, 151, 154, 155, 156, 157, 158], "summary": {"covered_lines": 25, "num_statements": 25, "percent_covered": 100.0, "percent_covered_display": "100", "missing_lines": 0, "excluded_lines": 0, "percent_statements_covered": 100.0, "percent_statements_covered_display": "100"}, "missing_lines": [], "excluded_lines": []}, "TestPaymentInitiationAPI.test_initiate_payment_invalid_event": {"executed_lines": [162, 164, 170, 171, 173, 174], "summary": {"covered_lines": 6, "num_statements": 6, "percent_covered": 100.0, "percent_covered_display": "100", "missing_lines": 0, "excluded_lines": 0, "percent_statements_covered": 100.0, "percent_statements_covered_display": "100"}, "missing_lines": [], "excluded_lines": []}, "TestPaymentInitiationAPI.test_initiate_payment_sold_out_event": {"executed_lines": [178, 179, 181, 182, 188, 189, 191, 192, 193, 195, 196], "summary": {"covered_lines": 11, "num_statements": 11, "percent_covered": 100.0, "percent_covered_display": "100", "missing_lines": 0, "excluded_lines": 0, "percent_statements_covered": 100.0, "percent_statements_covered_display": "100"}, "missing_lines": [], "excluded_lines": []}, "TestPaymentInitiationAPI.test_initiate_payment_invalid_phone_number": {"executed_lines": [210, 213, 219, 220, 226, 227, 229, 230, 231], "summary": {"covered_lines": 9, "num_statements": 9, "percent_covered": 100.0, "percent_covered_display": "100", "missing_lines": 0, "excluded_lines": 0, "percent_statements_covered": 100.0, "percent_statements_covered_display": "100"}, "missing_lines": [], "excluded_lines": []}, "TestPaymentInitiationAPI.test_initiate_payment_daraja_failure": {"executed_lines": [235, 237, 244, 245, 247, 248, 250, 251], "summary": {"covered_lines": 8, "num_statements": 8, "percent_covered": 100.0, "percent_covered_display": "100", "missing_lines": 0, "excluded_lines": 0, "percent_statements_covered": 100.0, "percent_statements_covered_display": "100"}, "missing_lines": [], "excluded_lines": []}, "TestPaymentInitiationAPI.test_initiate_payment_idempotency": {"executed_lines": [262, 264, 271, 277, 278, 280, 283, 284, 285, 289, 293], "summary": {"covered_lines": 11, "num_statements": 11, "percent_covered": 100.0, "percent_covered_display": "100", "missing_lines": 0, "excluded_lines": 0, "percent_statements_covered": 100.0, "percent_statements_covered_display": "100"}, "missing_lines": [], "excluded_lines": []}, "TestMPesaCallbackAPI.setup_method": {"executed_lines": [331, 332, 333, 334, 335, 343], "summary": {"covered_lines": 6, "num_statements": 6, "percent_covered": 100.0, "percent_covered_display": "100", "missing_lines": 0, "excluded_lines": 0, "percent_statements_covered": 100.0, "percent_statements_covered_display": "100"}, "missing_lines": [], "excluded_lines": []}, "TestMPesaCallbackAPI.test_callback_successful_payment": {"executed_lines": [357, 360, 379, 382, 385, 386, 387, 388, 389, 392, 393, 396, 397, 398, 399, 400, 405], "summary": {"covered_lines": 17, "num_statements": 17, "percent_covered": 100.0, "percent_covered_display": "100", "missing_lines": 0, "excluded_lines": 0, "percent_statements_covered": 100.0, "percent_statements_covered_display": "100"}, "missing_lines": [], "excluded_lines": []}, "TestMPesaCallbackAPI.test_callback_failed_payment": {"executed_lines": [409, 412, 423, 425, 428, 429, 430, 431, 432, 435, 436, 439], "summary": {"covered_lines": 12, "num_statements": 12, "percent_covered": 100.0, "percent_covered_display": "100", "missing_lines": 0, "excluded_lines": 0, "percent_statements_covered": 100.0, "percent_statements_covered_display": "100"}, "missing_lines": [], "excluded_lines": []}, "TestMPesaCallbackAPI.test_callback_duplicate_handling": {"executed_lines": [443, 445, 462, 463, 465, 466, 469], "summary": {"covered_lines": 7, "num_statements": 7, "percent_covered": 100.0, "percent_covered_display": "100", "missing_lines": 0, "excluded_lines": 0, "percent_statements_covered": 100.0, "percent_statements_covered_display": "100"}, "missing_lines": [], "excluded_lines": []}, "TestMPesaCallbackAPI.test_callback_unknown_checkout_request": {"executed_lines": [473, 475, 485, 488], "summary": {"covered_lines": 4, "num_statements": 4, "percent_covered": 100.0, "percent_covered_display": "100", "missing_lines": 0, "excluded_lines": 0, "percent_statements_covered": 100.0, "percent_statements_covered_display": "100"}, "missing_lines": [], "excluded_lines": []}, "TestPaymentStatusAPI.setup_method": {"executed_lines": [500, 501, 502, 503], "summary": {"covered_lines": 4, "num_statements": 4, "percent_covered": 100.0, "percent_covered_display": "100", "missing_lines": 0, "excluded_lines": 0, "percent_statements_covered": 100.0, "percent_statements_covered_display": "100"}, "missing_lines": [], "excluded_lines": []}, "TestPaymentStatusAPI.test_get_status_pending": {"executed_lines": [510, 512, 513, 515, 516, 517, 519], "summary": {"covered_lines": 7, "num_statements": 7, "percent_covered": 100.0, "percent_covered_display": "100", "missing_lines": 0, "excluded_lines": 0, "percent_statements_covered": 100.0, "percent_statements_covered_display": "100"}, "missing_lines": [], "excluded_lines": []}, "TestPaymentStatusAPI.test_get_status_completed": {"executed_lines": [523, 524, 525, 526, 527, 529, 531, 532, 534, 535, 536, 537], "summary": {"covered_lines": 12, "num_statements": 12, "percent_covered": 100.0, "percent_covered_display": "100", "missing_lines": 0, "excluded_lines": 0, "percent_statements_covered": 100.0, "percent_statements_covered_display": "100"}, "missing_lines": [], "excluded_lines": []}, "TestPaymentStatusAPI.test_get_status_unauthorized_user": {"executed_lines": [541, 542, 544, 545, 547], "summary": {"covered_lines": 5, "num_statements": 5, "percent_covered": 100.0, "percent_covered_display": "100", "missing_lines": 0, "excluded_lines": 0, "percent_statements_covered": 100.0, "percent_statements_covered_display": "100"}, "missing_lines": [], "excluded_lines": []}, "TestOrderExpirationFlow.test_expire_stale_orders": {"executed_lines": [567, 570, 575, 576, 579, 582, 584, 585, 587, 588], "summary": {"covered_lines": 10, "num_statements": 10, "percent_covered": 100.0, "percent_covered_display": "100", "missing_lines": 0, "excluded_lines": 0, "percent_statements_covered": 100.0, "percent_statements_covered_display": "100"}, "missing_lines": [], "excluded_lines": []}, "TestPayoutProcessingFlow.setup_method": {"executed_lines": [608, 609], "summary": {"covered_lines": 2, "num_statements": 2, "percent_covered": 100.0, "percent_covered_display": "100", "missing_lines": 0, "excluded_lines": 0, "percent_statements_covered": 100.0, "percent_statements_covered_display": "100"}, "missing_lines": [], "excluded_lines": []}, "TestPayoutProcessingFlow.test_process_scheduled_payouts": {"executed_lines": [619], "summary": {"covered_lines": 1, "num_statements": 10, "percent_covered": 10.0, "percent_covered_display": "10", "missing_lines": 9, "excluded_lines": 0, "percent_statements_covered": 10.0, "percent_statements_covered_display": "10"}, "missing_lines": [627, 634, 641, 642, 644, 646, 647, 649, 650], "excluded_lines": []}, "TestPayoutProcessingFlow.test_payout_frozen_for_cancelled_event": {"executed_lines": [654, 655, 661, 662, 663, 664, 666, 668, 669, 670], "summary": {"covered_lines": 10, "num_statements": 10, "percent_covered": 100.0, "percent_covered_display": "100", "missing_lines": 0, "excluded_lines": 0, "percent_statements_covered": 100.0, "percent_statements_covered_display": "100"}, "missing_lines": [], "excluded_lines": []}, "TestPhoneValidation.test_kenyan_07_format_normalised": {"executed_lines": [729, 731, 732], "summary": {"covered_lines": 3, "num_statements": 3, "percent_covered": 100.0, "percent_covered_display": "100", "missing_lines": 0, "excluded_lines": 0, "percent_statements_covered": 100.0, "percent_statements_covered_display": "100"}, "missing_lines": [], "excluded_lines": []}, "TestPhoneValidation.test_kenyan_254_format_accepted": {"executed_lines": [736, 738, 739], "summary": {"covered_lines": 3, "num_statements": 3, "percent_covered": 100.0, "percent_covered_display": "100", "missing_lines": 0, "excluded_lines": 0, "percent_statements_covered": 100.0, "percent_statements_covered_display": "100"}, "missing_lines": [], "excluded_lines": []}, "TestPhoneValidation.test_plus_254_format_normalised": {"executed_lines": [743, 745, 746], "summary": {"covered_lines": 3, "num_statements": 3, "percent_covered": 100.0, "percent_covered_display": "100", "missing_lines": 0, "excluded_lines": 0, "percent_statements_covered": 100.0, "percent_statements_covered_display": "100"}, "missing_lines": [], "excluded_lines": []}, "TestPhoneValidation.test_non_safaricom_number_rejected": {"executed_lines": [750, 751, 753, 754], "summary": {"covered_lines": 4, "num_statements": 4, "percent_covered": 100.0, "percent_covered_display": "100", "missing_lines": 0, "excluded_lines": 0, "percent_statements_covered": 100.0, "percent_statements_covered_display": "100"}, "missing_lines": [], "excluded_lines": []}, "TestPhoneValidation.test_too_short_rejected": {"executed_lines": [758, 759, 761, 762], "summary": {"covered_lines": 4, "num_statements": 4, "percent_covered": 100.0, "percent_covered_display": "100", "missing_lines": 0, "excluded_lines": 0, "percent_statements_covered": 100.0, "percent_statements_covered_display": "100"}, "missing_lines": [], "excluded_lines": []}, "TestPhoneValidation.test_too_long_rejected": {"executed_lines": [766, 767, 769, 770], "summary": {"covered_lines": 4, "num_statements": 4, "percent_covered": 100.0, "percent_covered_display": "100", "missing_lines": 0, "excluded_lines": 0, "percent_statements_covered": 100.0, "percent_statements_covered_display": "100"}, "missing_lines": [], "excluded_lines": []}, "TestAccountReference.test_account_reference_max_12_chars": {"executed_lines": [779, 780, 782], "summary": {"covered_lines": 3, "num_statements": 3, "percent_covered": 100.0, "percent_covered_display": "100", "missing_lines": 0, "excluded_lines": 0, "percent_statements_covered": 100.0, "percent_statements_covered_display": "100"}, "missing_lines": [], "excluded_lines": []}, "TestAccountReference.test_account_reference_format": {"executed_lines": [786, 787, 789], "summary": {"covered_lines": 3, "num_statements": 3, "percent_covered": 100.0, "percent_covered_display": "100", "missing_lines": 0, "excluded_lines": 0, "percent_statements_covered": 100.0, "percent_statements_covered_display": "100"}, "missing_lines": [], "excluded_lines": []}, "TestIdempotency.setup_method": {"executed_lines": [797, 798, 799], "summary": {"covered_lines": 3, "num_statements": 3, "percent_covered": 100.0, "percent_covered_display": "100", "missing_lines": 0, "excluded_lines": 0, "percent_statements_covered": 100.0, "percent_statements_covered_display": "100"}, "missing_lines": [], "excluded_lines": []}, "TestIdempotency.test_redis_lock_prevents_duplicate_within_10_seconds": {"executed_lines": [803, 805, 806, 812, 813, 819, 822, 823, 826, 828, 829, 830, 833, 834], "summary": {"covered_lines": 14, "num_statements": 14, "percent_covered": 100.0, "percent_covered_display": "100", "missing_lines": 0, "excluded_lines": 0, "percent_statements_covered": 100.0, "percent_statements_covered_display": "100"}, "missing_lines": [], "excluded_lines": []}, "TestIdempotency.test_existing_pending_order_within_90s_returns_same_checkout_id": {"executed_lines": [838, 841, 848, 853, 859, 860, 862, 863, 864, 865], "summary": {"covered_lines": 10, "num_statements": 10, "percent_covered": 100.0, "percent_covered_display": "100", "missing_lines": 0, "excluded_lines": 0, "percent_statements_covered": 100.0, "percent_statements_covered_display": "100"}, "missing_lines": [], "excluded_lines": []}, "TestIdempotency.test_paid_order_prevents_duplicate_purchase": {"executed_lines": [869, 872, 879, 885, 886, 888, 889], "summary": {"covered_lines": 7, "num_statements": 7, "percent_covered": 100.0, "percent_covered_display": "100", "missing_lines": 0, "excluded_lines": 0, "percent_statements_covered": 100.0, "percent_statements_covered_display": "100"}, "missing_lines": [], "excluded_lines": []}, "TestTicketInventory.setup_method": {"executed_lines": [897, 898], "summary": {"covered_lines": 2, "num_statements": 2, "percent_covered": 100.0, "percent_covered_display": "100", "missing_lines": 0, "excluded_lines": 0, "percent_statements_covered": 100.0, "percent_statements_covered_display": "100"}, "missing_lines": [], "excluded_lines": []}, "TestTicketInventory.test_tickets_decremented_on_order_creation": {"executed_lines": [902, 904, 906, 907, 913, 914, 920, 922, 923], "summary": {"covered_lines": 9, "num_statements": 9, "percent_covered": 100.0, "percent_covered_display": "100", "missing_lines": 0, "excluded_lines": 0, "percent_statements_covered": 100.0, "percent_statements_covered_display": "100"}, "missing_lines": [], "excluded_lines": []}, "TestTicketInventory.test_tickets_released_on_payment_failure": {"executed_lines": [927, 929, 930, 936, 942, 943, 946, 957, 958, 960, 961], "summary": {"covered_lines": 11, "num_statements": 11, "percent_covered": 100.0, "percent_covered_display": "100", "missing_lines": 0, "excluded_lines": 0, "percent_statements_covered": 100.0, "percent_statements_covered_display": "100"}, "missing_lines": [], "excluded_lines": []}, "TestTicketInventory.test_tickets_released_on_order_expiry": {"executed_lines": [965, 967, 968, 975, 978, 980, 982, 983, 985, 986], "summary": {"covered_lines": 10, "num_statements": 10, "percent_covered": 100.0, "percent_covered_display": "100", "missing_lines": 0, "excluded_lines": 0, "percent_statements_covered": 100.0, "percent_statements_covered_display": "100"}, "missing_lines": [], "excluded_lines": []}, "TestTicketInventory.test_cannot_oversell_concurrent_requests": {"executed_lines": [990, 991, 992, 994, 995, 1001, 1002, 1004, 1005, 1007, 1013, 1020, 1021, 1023, 1024, 1026, 1027], "summary": {"covered_lines": 17, "num_statements": 17, "percent_covered": 100.0, "percent_covered_display": "100", "missing_lines": 0, "excluded_lines": 0, "percent_statements_covered": 100.0, "percent_statements_covered_display": "100"}, "missing_lines": [], "excluded_lines": []}, "TestCallbackSecurity.setup_method": {"executed_lines": [1035], "summary": {"covered_lines": 1, "num_statements": 1, "percent_covered": 100.0, "percent_covered_display": "100", "missing_lines": 0, "excluded_lines": 0, "percent_statements_covered": 100.0, "percent_statements_covered_display": "100"}, "missing_lines": [], "excluded_lines": []}, "TestCallbackSecurity.test_callback_returns_200_on_malformed_body": {"executed_lines": [1039, 1045, 1046], "summary": {"covered_lines": 3, "num_statements": 3, "percent_covered": 100.0, "percent_covered_display": "100", "missing_lines": 0, "excluded_lines": 0, "percent_statements_covered": 100.0, "percent_statements_covered_display": "100"}, "missing_lines": [], "excluded_lines": []}, "TestCallbackSecurity.test_callback_returns_200_on_unknown_checkout_id": {"executed_lines": [1050, 1060, 1061], "summary": {"covered_lines": 3, "num_statements": 3, "percent_covered": 100.0, "percent_covered_display": "100", "missing_lines": 0, "excluded_lines": 0, "percent_statements_covered": 100.0, "percent_statements_covered_display": "100"}, "missing_lines": [], "excluded_lines": []}, "TestCallbackSecurity.test_duplicate_callback_not_double_processed": {"executed_lines": [1065, 1066, 1067, 1068, 1070, 1087, 1088, 1090, 1091, 1094, 1095, 1096], "summary": {"covered_lines": 12, "num_statements": 12, "percent_covered": 100.0, "percent_covered_display": "100", "missing_lines": 0, "excluded_lines": 0, "percent_statements_covered": 100.0, "percent_statements_covered_display": "100"}, "missing_lines": [], "excluded_lines": []}, "TestCallbackSecurity.test_callback_without_csrf_token_accepted": {"executed_lines": [1100, 1101, 1102, 1103, 1105, 1122, 1123], "summary": {"covered_lines": 7, "num_statements": 7, "percent_covered": 100.0, "percent_covered_display": "100", "missing_lines": 0, "excluded_lines": 0, "percent_statements_covered": 100.0, "percent_statements_covered_display": "100"}, "missing_lines": [], "excluded_lines": []}, "": {"executed_lines": [1, 13, 14, 15, 17, 18, 19, 21, 22, 23, 28, 36, 39, 71, 72, 73, 84, 101, 160, 176, 198, 233, 253, 296, 297, 298, 330, 348, 407, 441, 471, 491, 492, 493, 499, 508, 521, 539, 550, 551, 552, 564, 594, 595, 596, 607, 616, 652, 677, 723, 724, 725, 727, 734, 741, 748, 756, 764, 773, 774, 775, 777, 784, 792, 793, 794, 796, 801, 836, 867, 892, 893, 894, 896, 900, 925, 963, 988, 1030, 1031, 1032, 1034, 1037, 1048, 1063, 1098], "summary": {"covered_lines": 75, "num_statements": 75, "percent_covered": 100.0, "percent_covered_display": "100", "missing_lines": 0, "excluded_lines": 0, "percent_statements_covered": 100.0, "percent_statements_covered_display": "100"}, "missing_lines": [], "excluded_lines": []}}, "classes": {"TestPaymentInitiationAPI": {"executed_lines": [85, 86, 87, 88, 94, 109, 111, 118, 126, 127, 130, 132, 135, 136, 139, 140, 141, 144, 145, 146, 147, 148, 149, 150, 151, 154, 155, 156, 157, 158, 162, 164, 170, 171, 173, 174, 178, 179, 181, 182, 188, 189, 191, 192, 193, 195, 196, 210, 213, 219, 220, 226, 227, 229, 230, 231, 235, 237, 244, 245, 247, 248, 250, 251, 262, 264, 271, 277, 278, 280, 283, 284, 285, 289, 293], "summary": {"covered_lines": 75, "num_statements": 75, "percent_covered": 100.0, "percent_covered_display": "100", "missing_lines": 0, "excluded_lines": 0, "percent_statements_covered": 100.0, "percent_statements_covered_display": "100"}, "missing_lines": [], "excluded_lines": []}, "TestMPesaCallbackAPI": {"executed_lines": [331, 332, 333, 334, 335, 343, 357, 360, 379, 382, 385, 386, 387, 388, 389, 392, 393, 396, 397, 398, 399, 400, 405, 409, 412, 423, 425, 428, 429, 430, 431, 432, 435, 436, 439, 443, 445, 462, 463, 465, 466, 469, 473, 475, 485, 488], "summary": {"covered_lines": 46, "num_statements": 46, "percent_covered": 100.0, "percent_covered_display": "100", "missing_lines": 0, "excluded_lines": 0, "percent_statements_covered": 100.0, "percent_statements_covered_display": "100"}, "missing_lines": [], "excluded_lines": []}, "TestPaymentStatusAPI": {"executed_lines": [500, 501, 502, 503, 510, 512, 513, 515, 516, 517, 519, 523, 524, 525, 526, 527, 529, 531, 532, 534, 535, 536, 537, 541, 542, 544, 545, 547], "summary": {"covered_lines": 28, "num_statements": 28, "percent_covered": 100.0, "percent_covered_display": "100", "missing_lines": 0, "excluded_lines": 0, "percent_statements_covered": 100.0, "percent_statements_covered_display": "100"}, "missing_lines": [], "excluded_lines": []}, "TestOrderExpirationFlow": {"executed_lines": [567, 570, 575, 576, 579, 582, 584, 585, 587, 588], "summary": {"covered_lines": 10, "num_statements": 10, "percent_covered": 100.0, "percent_covered_display": "100", "missing_lines": 0, "excluded_lines": 0, "percent_statements_covered": 100.0, "percent_statements_covered_display": "100"}, "missing_lines": [], "excluded_lines": []}, "TestPayoutProcessingFlow": {"executed_lines": [608, 609, 619, 654, 655, 661, 662, 663, 664, 666, 668, 669, 670], "summary": {"covered_lines": 13, "num_statements": 22, "percent_covered": 59.09090909090909, "percent_covered_display": "59", "missing_lines": 9, "excluded_lines": 0, "percent_statements_covered": 59.09090909090909, "percent_statements_covered_display": "59"}, "missing_lines": [627, 634, 641, 642, 644, 646, 647, 649, 650], "excluded_lines": []}, "TestPhoneValidation": {"executed_lines": [729, 731, 732, 736, 738, 739, 743, 745, 746, 750, 751, 753, 754, 758, 759, 761, 762, 766, 767, 769, 770], "summary": {"covered_lines": 21, "num_statements": 21, "percent_covered": 100.0, "percent_covered_display": "100", "missing_lines": 0, "excluded_lines": 0, "percent_statements_covered": 100.0, "percent_statements_covered_display": "100"}, "missing_lines": [], "excluded_lines": []}, "TestAccountReference": {"executed_lines": [779, 780, 782, 786, 787, 789], "summary": {"covered_lines": 6, "num_statements": 6, "percent_covered": 100.0, "percent_covered_display": "100", "missing_lines": 0, "excluded_lines": 0, "percent_statements_covered": 100.0, "percent_statements_covered_display": "100"}, "missing_lines": [], "excluded_lines": []}, "TestIdempotency": {"executed_lines": [797, 798, 799, 803, 805, 806, 812, 813, 819, 822, 823, 826, 828, 829, 830, 833, 834, 838, 841, 848, 853, 859, 860, 862, 863, 864, 865, 869, 872, 879, 885, 886, 888, 889], "summary": {"covered_lines": 34, "num_statements": 34, "percent_covered": 100.0, "percent_covered_display": "100", "missing_lines": 0, "excluded_lines": 0, "percent_statements_covered": 100.0, "percent_statements_covered_display": "100"}, "missing_lines": [], "excluded_lines": []}, "TestTicketInventory": {"executed_lines": [897, 898, 902, 904, 906, 907, 913, 914, 920, 922, 923, 927, 929, 930, 936, 942, 943, 946, 957, 958, 960, 961, 965, 967, 968, 975, 978, 980, 982, 983, 985, 986, 990, 991, 992, 994, 995, 1001, 1002, 1004, 1005, 1007, 1013, 1020, 1021, 1023, 1024, 1026, 1027], "summary": {"covered_lines": 49, "num_statements": 49, "percent_covered": 100.0, "percent_covered_display": "100", "missing_lines": 0, "excluded_lines": 0, "percent_statements_covered": 100.0, "percent_statements_covered_display": "100"}, "missing_lines": [], "excluded_lines": []}, "TestCallbackSecurity": {"executed_lines": [1035, 1039, 1045, 1046, 1050, 1060, 1061, 1065, 1066, 1067, 1068, 1070, 1087, 1088, 1090, 1091, 1094, 1095, 1096, 1100, 1101, 1102, 1103, 1105, 1122, 1123], "summary": {"covered_lines": 26, "num_statements": 26, "percent_covered": 100.0, "percent_covered_display": "100", "missing_lines": 0, "excluded_lines": 0, "percent_statements_covered": 100.0, "percent_statements_covered_display": "100"}, "missing_lines": [], "excluded_lines": []}, "": {"executed_lines": [1, 13, 14, 15, 17, 18, 19, 21, 22, 23, 28, 36, 39, 71, 72, 73, 84, 101, 160, 176, 198, 233, 253, 296, 297, 298, 330, 348, 407, 441, 471, 491, 492, 493, 499, 508, 521, 539, 550, 551, 552, 564, 594, 595, 596, 607, 616, 652, 677, 723, 724, 725, 727, 734, 741, 748, 756, 764, 773, 774, 775, 777, 784, 792, 793, 794, 796, 801, 836, 867, 892, 893, 894, 896, 900, 925, 963, 988, 1030, 1031, 1032, 1034, 1037, 1048, 1063, 1098], "summary": {"covered_lines": 75, "num_statements": 75, "percent_covered": 100.0, "percent_covered_display": "100", "missing_lines": 0, "excluded_lines": 0, "percent_statements_covered": 100.0, "percent_statements_covered_display": "100"}, "missing_lines": [], "excluded_lines": []}}}, "apps/payments/test_integration.py": {"executed_lines": [1, 11, 12, 13, 14, 15, 17, 18, 19, 20, 22, 23, 24, 31, 39, 40, 54, 55, 56, 60, 61, 62, 63, 64, 70, 77, 93, 94, 96, 97, 104, 105, 106, 107, 109, 110, 111, 112, 113, 114, 115, 116, 118, 119, 120, 123, 124, 127, 146, 151, 154, 155, 157, 158, 159, 160, 161, 164, 165, 168, 169, 170, 171, 174, 175, 176, 177, 178, 179, 182, 183, 184, 186, 197, 198, 200, 201, 207, 208, 209, 212, 213, 216, 227, 232, 235, 236, 238, 239, 240, 241, 244, 245, 248, 250, 260, 261, 263, 264, 270, 271, 274, 275, 278, 279, 282, 298, 305, 308, 309, 310, 311, 318, 319, 320, 324, 325, 327, 338, 345, 346, 356, 366, 367, 369, 372, 373, 376, 377, 379, 390, 397, 398, 407, 417, 418, 420, 422, 423, 425, 426, 428, 438, 445, 446, 452, 460, 461, 464, 465, 468, 469, 471, 481, 489, 490, 491, 492, 493, 499, 502, 503, 504, 505, 506, 512, 515, 516, 518, 521, 523, 524, 525, 527, 528, 529, 536, 537, 538, 542, 553, 554, 555, 561, 569, 572, 574, 581, 582, 584, 587, 588, 595, 596, 597, 599, 609, 610, 611, 617, 625, 628, 630, 637, 638, 641, 644, 645, 646, 648, 661, 662, 668, 669, 671, 672, 673, 680, 683, 685, 691, 698, 699, 702, 703, 704, 707, 708, 711, 712, 713, 714, 717, 718, 720, 723, 724, 727, 728, 729, 736, 737, 738, 745, 761, 762, 767, 775, 780, 783, 784, 785, 787, 789, 796, 802, 805, 806, 809, 810, 813, 816, 817, 819, 833, 834, 839, 845, 847, 848, 851, 852, 858, 865, 866, 872, 879, 882, 884, 886, 887, 888, 891, 892, 895, 896, 898, 914, 915, 921, 929, 930, 931, 932, 938, 941, 942, 947, 948, 951, 952, 955, 956, 959, 960, 961, 964, 969, 971, 972, 973, 975, 976, 982, 988, 991, 992, 995, 996, 999, 1004], "summary": {"covered_lines": 316, "num_statements": 316, "percent_covered": 100.0, "percent_covered_display": "100", "missing_lines": 0, "excluded_lines": 0, "percent_statements_covered": 100.0, "percent_statements_covered_display": "100"}, "missing_lines": [], "excluded_lines": [], "functions": {"TestFullPaymentFlow.setup_method": {"executed_lines": [61, 62, 63, 64, 70], "summary": {"covered_lines": 5, "num_statements": 5, "percent_covered": 100.0, "percent_covered_display": "100", "missing_lines": 0, "excluded_lines": 0, "percent_statements_covered": 100.0, "percent_statements_covered_display": "100"}, "missing_lines": [], "excluded_lines": []}, "TestFullPaymentFlow.test_complete_successful_payment_flow": {"executed_lines": [93, 94, 96, 97, 104, 105, 106, 107, 109, 110, 111, 112, 113, 114, 115, 116, 118, 119, 120, 123, 124, 127, 146, 151, 154, 155, 157, 158, 159, 160, 161, 164, 165, 168, 169, 170, 171, 174, 175, 176, 177, 178, 179, 182, 183, 184], "summary": {"covered_lines": 46, "num_statements": 46, "percent_covered": 100.0, "percent_covered_display": "100", "missing_lines": 0, "excluded_lines": 0, "percent_statements_covered": 100.0, "percent_statements_covered_display": "100"}, "missing_lines": [], "excluded_lines": []}, "TestFullPaymentFlow.test_payment_flow_with_failed_callback": {"executed_lines": [197, 198, 200, 201, 207, 208, 209, 212, 213, 216, 227, 232, 235, 236, 238, 239, 240, 241, 244, 245, 248], "summary": {"covered_lines": 21, "num_statements": 21, "percent_covered": 100.0, "percent_covered_display": "100", "missing_lines": 0, "excluded_lines": 0, "percent_statements_covered": 100.0, "percent_statements_covered_display": "100"}, "missing_lines": [], "excluded_lines": []}, "TestFullPaymentFlow.test_payment_status_polling": {"executed_lines": [260, 261, 263, 264, 270, 271, 274, 275, 278, 279, 282, 298, 305, 308, 309, 310, 311], "summary": {"covered_lines": 17, "num_statements": 17, "percent_covered": 100.0, "percent_covered_display": "100", "missing_lines": 0, "excluded_lines": 0, "percent_statements_covered": 100.0, "percent_statements_covered_display": "100"}, "missing_lines": [], "excluded_lines": []}, "TestPayoutFlow.setup_method": {"executed_lines": [325], "summary": {"covered_lines": 1, "num_statements": 1, "percent_covered": 100.0, "percent_covered_display": "100", "missing_lines": 0, "excluded_lines": 0, "percent_statements_covered": 100.0, "percent_statements_covered_display": "100"}, "missing_lines": [], "excluded_lines": []}, "TestPayoutFlow.test_b2c_payout_flow_end_to_end": {"executed_lines": [338, 345, 346, 356, 366, 367, 369, 372, 373, 376, 377], "summary": {"covered_lines": 11, "num_statements": 11, "percent_covered": 100.0, "percent_covered_display": "100", "missing_lines": 0, "excluded_lines": 0, "percent_statements_covered": 100.0, "percent_statements_covered_display": "100"}, "missing_lines": [], "excluded_lines": []}, "TestPayoutFlow.test_b2b_payout_flow_end_to_end": {"executed_lines": [390, 397, 398, 407, 417, 418, 420, 422, 423, 425, 426], "summary": {"covered_lines": 11, "num_statements": 11, "percent_covered": 100.0, "percent_covered_display": "100", "missing_lines": 0, "excluded_lines": 0, "percent_statements_covered": 100.0, "percent_statements_covered_display": "100"}, "missing_lines": [], "excluded_lines": []}, "TestPayoutFlow.test_payout_retry_on_failure": {"executed_lines": [438, 445, 446, 452, 460, 461, 464, 465, 468, 469], "summary": {"covered_lines": 10, "num_statements": 10, "percent_covered": 100.0, "percent_covered_display": "100", "missing_lines": 0, "excluded_lines": 0, "percent_statements_covered": 100.0, "percent_statements_covered_display": "100"}, "missing_lines": [], "excluded_lines": []}, "TestPayoutFlow.test_scheduled_payouts_processing_task": {"executed_lines": [481, 489, 490, 491, 492, 493, 499, 502, 503, 504, 505, 506, 512, 515, 516, 518, 521, 523, 524, 525, 527, 528, 529], "summary": {"covered_lines": 23, "num_statements": 23, "percent_covered": 100.0, "percent_covered_display": "100", "missing_lines": 0, "excluded_lines": 0, "percent_statements_covered": 100.0, "percent_statements_covered_display": "100"}, "missing_lines": [], "excluded_lines": []}, "TestRefundFlow.test_reversal_within_24h_window": {"executed_lines": [553, 554, 555, 561, 569, 572, 574, 581, 582, 584, 587, 588, 595, 596, 597], "summary": {"covered_lines": 15, "num_statements": 15, "percent_covered": 100.0, "percent_covered_display": "100", "missing_lines": 0, "excluded_lines": 0, "percent_statements_covered": 100.0, "percent_statements_covered_display": "100"}, "missing_lines": [], "excluded_lines": []}, "TestRefundFlow.test_reversal_outside_24h_window": {"executed_lines": [609, 610, 611, 617, 625, 628, 630, 637, 638, 641, 644, 645, 646], "summary": {"covered_lines": 13, "num_statements": 13, "percent_covered": 100.0, "percent_covered_display": "100", "missing_lines": 0, "excluded_lines": 0, "percent_statements_covered": 100.0, "percent_statements_covered_display": "100"}, "missing_lines": [], "excluded_lines": []}, "TestRefundFlow.test_event_cancellation_full_workflow": {"executed_lines": [661, 662, 668, 669, 671, 672, 673, 680, 683, 685, 691, 698, 699, 702, 703, 704, 707, 708, 711, 712, 713, 714, 717, 718, 720, 723, 724, 727, 728, 729], "summary": {"covered_lines": 30, "num_statements": 30, "percent_covered": 100.0, "percent_covered_display": "100", "missing_lines": 0, "excluded_lines": 0, "percent_statements_covered": 100.0, "percent_statements_covered_display": "100"}, "missing_lines": [], "excluded_lines": []}, "TestConcurrency.test_concurrent_ticket_purchase_prevents_overselling": {"executed_lines": [761, 762, 767, 775, 780, 783, 784, 785, 787, 789, 796, 802, 805, 806, 809, 810, 813, 816, 817], "summary": {"covered_lines": 19, "num_statements": 19, "percent_covered": 100.0, "percent_covered_display": "100", "missing_lines": 0, "excluded_lines": 0, "percent_statements_covered": 100.0, "percent_statements_covered_display": "100"}, "missing_lines": [], "excluded_lines": []}, "TestConcurrency.test_redis_lock_prevents_duplicate_orders": {"executed_lines": [833, 834, 839, 845, 847, 848, 851, 852, 858, 865, 866, 872, 879, 882, 884, 886, 887, 888, 891, 892, 895, 896], "summary": {"covered_lines": 22, "num_statements": 22, "percent_covered": 100.0, "percent_covered_display": "100", "missing_lines": 0, "excluded_lines": 0, "percent_statements_covered": 100.0, "percent_statements_covered_display": "100"}, "missing_lines": [], "excluded_lines": []}, "TestConcurrency.test_order_expiry_releases_tickets_atomically": {"executed_lines": [914, 915, 921, 929, 930, 931, 932, 938, 941, 942, 947, 948, 951, 952, 955, 956, 959, 960, 961, 964, 969, 971, 972, 973, 975, 976, 982, 988, 991, 992, 995, 996, 999, 1004], "summary": {"covered_lines": 34, "num_statements": 34, "percent_covered": 100.0, "percent_covered_display": "100", "missing_lines": 0, "excluded_lines": 0, "percent_statements_covered": 100.0, "percent_statements_covered_display": "100"}, "missing_lines": [], "excluded_lines": []}, "": {"executed_lines": [1, 11, 12, 13, 14, 15, 17, 18, 19, 20, 22, 23, 24, 31, 39, 40, 54, 55, 56, 60, 77, 186, 250, 318, 319, 320, 324, 327, 379, 428, 471, 536, 537, 538, 542, 599, 648, 736, 737, 738, 745, 819, 898], "summary": {"covered_lines": 38, "num_statements": 38, "percent_covered": 100.0, "percent_covered_display": "100", "missing_lines": 0, "excluded_lines": 0, "percent_statements_covered": 100.0, "percent_statements_covered_display": "100"}, "missing_lines": [], "excluded_lines": []}}, "classes": {"TestFullPaymentFlow": {"executed_lines": [61, 62, 63, 64, 70, 93, 94, 96, 97, 104, 105, 106, 107, 109, 110, 111, 112, 113, 114, 115, 116, 118, 119, 120, 123, 124, 127, 146, 151, 154, 155, 157, 158, 159, 160, 161, 164, 165, 168, 169, 170, 171, 174, 175, 176, 177, 178, 179, 182, 183, 184, 197, 198, 200, 201, 207, 208, 209, 212, 213, 216, 227, 232, 235, 236, 238, 239, 240, 241, 244, 245, 248, 260, 261, 263, 264, 270, 271, 274, 275, 278, 279, 282, 298, 305, 308, 309, 310, 311], "summary": {"covered_lines": 89, "num_statements": 89, "percent_covered": 100.0, "percent_covered_display": "100", "missing_lines": 0, "excluded_lines": 0, "percent_statements_covered": 100.0, "percent_statements_covered_display": "100"}, "missing_lines": [], "excluded_lines": []}, "TestPayoutFlow": {"executed_lines": [325, 338, 345, 346, 356, 366, 367, 369, 372, 373, 376, 377, 390, 397, 398, 407, 417, 418, 420, 422, 423, 425, 426, 438, 445, 446, 452, 460, 461, 464, 465, 468, 469, 481, 489, 490, 491, 492, 493, 499, 502, 503, 504, 505, 506, 512, 515, 516, 518, 521, 523, 524, 525, 527, 528, 529], "summary": {"covered_lines": 56, "num_statements": 56, "percent_covered": 100.0, "percent_covered_display": "100", "missing_lines": 0, "excluded_lines": 0, "percent_statements_covered": 100.0, "percent_statements_covered_display": "100"}, "missing_lines": [], "excluded_lines": []}, "TestRefundFlow": {"executed_lines": [553, 554, 555, 561, 569, 572, 574, 581, 582, 584, 587, 588, 595, 596, 597, 609, 610, 611, 617, 625, 628, 630, 637, 638, 641, 644, 645, 646, 661, 662, 668, 669, 671, 672, 673, 680, 683, 685, 691, 698, 699, 702, 703, 704, 707, 708, 711, 712, 713, 714, 717, 718, 720, 723, 724, 727, 728, 729], "summary": {"covered_lines": 58, "num_statements": 58, "percent_covered": 100.0, "percent_covered_display": "100", "missing_lines": 0, "excluded_lines": 0, "percent_statements_covered": 100.0, "percent_statements_covered_display": "100"}, "missing_lines": [], "excluded_lines": []}, "TestConcurrency": {"executed_lines": [761, 762, 767, 775, 780, 783, 784, 785, 787, 789, 796, 802, 805, 806, 809, 810, 813, 816, 817, 833, 834, 839, 845, 847, 848, 851, 852, 858, 865, 866, 872, 879, 882, 884, 886, 887, 888, 891, 892, 895, 896, 914, 915, 921, 929, 930, 931, 932, 938, 941, 942, 947, 948, 951, 952, 955, 956, 959, 960, 961, 964, 969, 971, 972, 973, 975, 976, 982, 988, 991, 992, 995, 996, 999, 1004], "summary": {"covered_lines": 75, "num_statements": 75, "percent_covered": 100.0, "percent_covered_display": "100", "missing_lines": 0, "excluded_lines": 0, "percent_statements_covered": 100.0, "percent_statements_covered_display": "100"}, "missing_lines": [], "excluded_lines": []}, "": {"executed_lines": [1, 11, 12, 13, 14, 15, 17, 18, 19, 20, 22, 23, 24, 31, 39, 40, 54, 55, 56, 60, 77, 186, 250, 318, 319, 320, 324, 327, 379, 428, 471, 536, 537, 538, 542, 599, 648, 736, 737, 738, 745, 819, 898], "summary": {"covered_lines": 38, "num_statements": 38, "percent_covered": 100.0, "percent_covered_display": "100", "missing_lines": 0, "excluded_lines": 0, "percent_statements_covered": 100.0, "percent_statements_covered_display": "100"}, "missing_lines": [], "excluded_lines": []}}}, "apps/payments/test_tasks.py": {"executed_lines": [1, 11, 12, 13, 15, 16, 17, 19, 20, 21, 22, 30, 41, 48, 49, 50, 62, 63, 65, 69, 70, 73, 74, 77, 80, 82, 83, 84, 86, 87, 88, 89, 91, 104, 108, 112, 118, 119, 122, 124, 125, 128, 132, 133, 135, 137, 138, 139, 142, 148, 149, 151, 153, 160, 161, 162, 181, 182, 187, 189, 190, 193, 194, 201, 208, 215, 216, 218, 220, 221, 223, 224, 225, 227, 229, 236, 241, 242, 244, 247, 249, 250, 252, 254, 255, 256, 258, 264, 265, 267, 270, 272, 274, 281, 282, 285, 287, 288, 290, 299, 305, 306, 309, 310, 312, 315, 322, 323, 324, 334, 336, 339, 343, 349, 350, 351, 353, 355, 356, 358, 363, 379, 382, 383, 384, 386, 394, 401, 402, 403, 406, 411, 412, 414, 416, 417, 418, 421, 422, 423, 424, 431, 432, 433, 440, 442, 445, 459, 461, 462, 463, 464, 466, 468, 470, 477, 479, 480, 488, 534, 560, 561, 562, 564, 565, 566, 572, 574, 575, 577, 584, 585, 587, 589, 591, 592, 594, 596, 597, 598, 600, 607, 608, 610, 612, 614, 615, 617, 619, 620, 621, 623, 630, 631, 633, 635, 637, 638, 640, 642, 649, 651, 652, 655, 656, 657, 659, 661, 663, 666, 671, 676, 683, 684, 685, 687, 689, 690, 691, 693, 699, 701, 703, 705, 709, 714, 715, 716, 718, 720, 721, 723, 727, 729, 731, 734, 739, 745, 750, 756, 757, 759, 760, 762, 763, 766, 768, 770, 772, 773, 778, 784, 785, 787, 788, 790, 791, 794, 795, 799, 800], "summary": {"covered_lines": 254, "num_statements": 264, "percent_covered": 96.21212121212122, "percent_covered_display": "96", "missing_lines": 10, "excluded_lines": 0, "percent_statements_covered": 96.21212121212122, "percent_statements_covered_display": "96"}, "missing_lines": [359, 360, 361, 694, 695, 696, 697, 724, 725, 802], "excluded_lines": [], "functions": {"TestExpireStaleOrdersTask.test_expire_orders_older_than_timeout": {"executed_lines": [65, 69, 70, 73, 74, 77, 80, 82, 83, 84, 86, 87, 88, 89], "summary": {"covered_lines": 14, "num_statements": 14, "percent_covered": 100.0, "percent_covered_display": "100", "missing_lines": 0, "excluded_lines": 0, "percent_statements_covered": 100.0, "percent_statements_covered_display": "100"}, "missing_lines": [], "excluded_lines": []}, "TestExpireStaleOrdersTask.test_release_tickets_on_expiration": {"executed_lines": [104, 108, 112, 118, 119, 122, 124, 125, 128, 132, 133], "summary": {"covered_lines": 11, "num_statements": 11, "percent_covered": 100.0, "percent_covered_display": "100", "missing_lines": 0, "excluded_lines": 0, "percent_statements_covered": 100.0, "percent_statements_covered_display": "100"}, "missing_lines": [], "excluded_lines": []}, "TestExpireStaleOrdersTask.test_do_not_expire_orders_with_successful_mpesa": {"executed_lines": [137, 138, 139, 142, 148, 149, 151, 153], "summary": {"covered_lines": 8, "num_statements": 8, "percent_covered": 100.0, "percent_covered_display": "100", "missing_lines": 0, "excluded_lines": 0, "percent_statements_covered": 100.0, "percent_statements_covered_display": "100"}, "missing_lines": [], "excluded_lines": []}, "TestProcessScheduledPayoutsTask.setup_method": {"executed_lines": [182, 187], "summary": {"covered_lines": 2, "num_statements": 2, "percent_covered": 100.0, "percent_covered_display": "100", "missing_lines": 0, "excluded_lines": 0, "percent_statements_covered": 100.0, "percent_statements_covered_display": "100"}, "missing_lines": [], "excluded_lines": []}, "TestProcessScheduledPayoutsTask.test_process_due_payouts": {"executed_lines": [193, 194, 201, 208, 215, 216, 218, 220, 221, 223, 224, 225], "summary": {"covered_lines": 12, "num_statements": 12, "percent_covered": 100.0, "percent_covered_display": "100", "missing_lines": 0, "excluded_lines": 0, "percent_statements_covered": 100.0, "percent_statements_covered_display": "100"}, "missing_lines": [], "excluded_lines": []}, "TestProcessScheduledPayoutsTask.test_process_payout_with_b2c": {"executed_lines": [229, 236, 241, 242, 244, 247, 249, 250], "summary": {"covered_lines": 8, "num_statements": 8, "percent_covered": 100.0, "percent_covered_display": "100", "missing_lines": 0, "excluded_lines": 0, "percent_statements_covered": 100.0, "percent_statements_covered_display": "100"}, "missing_lines": [], "excluded_lines": []}, "TestProcessScheduledPayoutsTask.test_process_payout_with_b2b_paybill": {"executed_lines": [254, 255, 256, 258, 264, 265, 267, 270], "summary": {"covered_lines": 8, "num_statements": 8, "percent_covered": 100.0, "percent_covered_display": "100", "missing_lines": 0, "excluded_lines": 0, "percent_statements_covered": 100.0, "percent_statements_covered_display": "100"}, "missing_lines": [], "excluded_lines": []}, "TestProcessScheduledPayoutsTask.test_skip_frozen_payouts": {"executed_lines": [274, 281, 282, 285, 287, 288], "summary": {"covered_lines": 6, "num_statements": 6, "percent_covered": 100.0, "percent_covered_display": "100", "missing_lines": 0, "excluded_lines": 0, "percent_statements_covered": 100.0, "percent_statements_covered_display": "100"}, "missing_lines": [], "excluded_lines": []}, "TestProcessScheduledPayoutsTask.test_handle_daraja_api_failure": {"executed_lines": [299, 305, 306, 309, 310, 312, 315], "summary": {"covered_lines": 7, "num_statements": 7, "percent_covered": 100.0, "percent_covered_display": "100", "missing_lines": 0, "excluded_lines": 0, "percent_statements_covered": 100.0, "percent_statements_covered_display": "100"}, "missing_lines": [], "excluded_lines": []}, "TestHandleEventCancellationTask.test_freeze_scheduled_payouts_on_cancellation": {"executed_lines": [336, 339, 343, 349, 350, 351, 353, 355, 356, 358], "summary": {"covered_lines": 10, "num_statements": 13, "percent_covered": 76.92307692307692, "percent_covered_display": "77", "missing_lines": 3, "excluded_lines": 0, "percent_statements_covered": 76.92307692307692, "percent_statements_covered_display": "77"}, "missing_lines": [359, 360, 361], "excluded_lines": []}, "TestHandleEventCancellationTask.test_refund_paid_orders_on_cancellation": {"executed_lines": [379, 382, 383, 384, 386, 394, 401, 402, 403, 406, 411, 412, 414, 416, 417, 418, 421, 422, 423, 424], "summary": {"covered_lines": 20, "num_statements": 20, "percent_covered": 100.0, "percent_covered_display": "100", "missing_lines": 0, "excluded_lines": 0, "percent_statements_covered": 100.0, "percent_statements_covered_display": "100"}, "missing_lines": [], "excluded_lines": []}, "TestPayoutCallbackHandler.test_handle
[...]
saction.test_mpesa_transaction_str_representation": {"executed_lines": [157, 158, 160, 161], "summary": {"covered_lines": 4, "num_statements": 4, "percent_covered": 100.0, "percent_covered_display": "100", "missing_lines": 0, "excluded_lines": 0, "percent_statements_covered": 100.0, "percent_statements_covered_display": "100"}, "missing_lines": [], "excluded_lines": []}, "TestMPESATransaction.test_is_successful_method": {"executed_lines": [166, 167, 170, 171, 174, 175], "summary": {"covered_lines": 6, "num_statements": 6, "percent_covered": 100.0, "percent_covered_display": "100", "missing_lines": 0, "excluded_lines": 0, "percent_statements_covered": 100.0, "percent_statements_covered_display": "100"}, "missing_lines": [], "excluded_lines": []}, "TestMPESATransaction.test_mpesa_transaction_cascades_with_order": {"executed_lines": [179, 180, 181, 184, 187], "summary": {"covered_lines": 5, "num_statements": 5, "percent_covered": 100.0, "percent_covered_display": "100", "missing_lines": 0, "excluded_lines": 0, "percent_statements_covered": 100.0, "percent_statements_covered_display": "100"}, "missing_lines": [], "excluded_lines": []}, "TestMPESATransaction.test_one_transaction_per_order": {"executed_lines": [191, 192, 195, 196], "summary": {"covered_lines": 4, "num_statements": 4, "percent_covered": 100.0, "percent_covered_display": "100", "missing_lines": 0, "excluded_lines": 0, "percent_statements_covered": 100.0, "percent_statements_covered_display": "100"}, "missing_lines": [], "excluded_lines": []}, "TestMPESATransaction.test_checkout_request_id_is_unique": {"executed_lines": [200, 202, 203], "summary": {"covered_lines": 3, "num_statements": 3, "percent_covered": 100.0, "percent_covered_display": "100", "missing_lines": 0, "excluded_lines": 0, "percent_statements_covered": 100.0, "percent_statements_covered_display": "100"}, "missing_lines": [], "excluded_lines": []}, "TestMPESATransaction.test_mpesa_receipt_for_successful_transaction": {"executed_lines": [207, 213, 214, 215], "summary": {"covered_lines": 4, "num_statements": 4, "percent_covered": 100.0, "percent_covered_display": "100", "missing_lines": 0, "excluded_lines": 0, "percent_statements_covered": 100.0, "percent_statements_covered_display": "100"}, "missing_lines": [], "excluded_lines": []}, "TestMPESATransaction.test_mpesa_failed_transaction_no_receipt": {"executed_lines": [219, 225, 226], "summary": {"covered_lines": 3, "num_statements": 3, "percent_covered": 100.0, "percent_covered_display": "100", "missing_lines": 0, "excluded_lines": 0, "percent_statements_covered": 100.0, "percent_statements_covered_display": "100"}, "missing_lines": [], "excluded_lines": []}, "TestOrderPayoutIntegration.test_order_with_payout_cannot_be_deleted": {"executed_lines": [239, 240, 242, 243], "summary": {"covered_lines": 4, "num_statements": 4, "percent_covered": 100.0, "percent_covered_display": "100", "missing_lines": 0, "excluded_lines": 0, "percent_statements_covered": 100.0, "percent_statements_covered_display": "100"}, "missing_lines": [], "excluded_lines": []}, "TestOrderPayoutIntegration.test_payout_amount_matches_order_calculation": {"executed_lines": [247, 254, 256, 257, 258], "summary": {"covered_lines": 5, "num_statements": 5, "percent_covered": 100.0, "percent_covered_display": "100", "missing_lines": 0, "excluded_lines": 0, "percent_statements_covered": 100.0, "percent_statements_covered_display": "100"}, "missing_lines": [], "excluded_lines": []}, "TestOrderPayoutIntegration.test_multiple_orders_create_multiple_payouts": {"executed_lines": [262, 264, 265, 267, 271, 276, 277, 278], "summary": {"covered_lines": 8, "num_statements": 8, "percent_covered": 100.0, "percent_covered_display": "100", "missing_lines": 0, "excluded_lines": 0, "percent_statements_covered": 100.0, "percent_statements_covered_display": "100"}, "missing_lines": [], "excluded_lines": []}, "TestModelBBusinessLogic.test_buyer_pays_ticket_price_only": {"executed_lines": [293, 294, 296, 303, 306], "summary": {"covered_lines": 5, "num_statements": 5, "percent_covered": 100.0, "percent_covered_display": "100", "missing_lines": 0, "excluded_lines": 0, "percent_statements_covered": 100.0, "percent_statements_covered_display": "100"}, "missing_lines": [], "excluded_lines": []}, "TestModelBBusinessLogic.test_organizer_receives_net_amount": {"executed_lines": [310, 317, 320], "summary": {"covered_lines": 3, "num_statements": 3, "percent_covered": 100.0, "percent_covered_display": "100", "missing_lines": 0, "excluded_lines": 0, "percent_statements_covered": 100.0, "percent_statements_covered_display": "100"}, "missing_lines": [], "excluded_lines": []}, "TestModelBBusinessLogic.test_pursuit_keeps_platform_fee": {"executed_lines": [324, 329, 330, 331, 333, 334], "summary": {"covered_lines": 6, "num_statements": 6, "percent_covered": 100.0, "percent_covered_display": "100", "missing_lines": 0, "excluded_lines": 0, "percent_statements_covered": 100.0, "percent_statements_covered_display": "100"}, "missing_lines": [], "excluded_lines": []}, "": {"executed_lines": [1, 2, 3, 5, 6, 7, 12, 13, 20, 21, 22, 24, 46, 57, 69, 78, 90, 98, 106, 114, 136, 137, 138, 140, 155, 163, 177, 189, 198, 205, 217, 233, 234, 235, 237, 245, 260, 287, 288, 289, 291, 308, 322], "summary": {"covered_lines": 39, "num_statements": 39, "percent_covered": 100.0, "percent_covered_display": "100", "missing_lines": 0, "excluded_lines": 0, "percent_statements_covered": 100.0, "percent_statements_covered_display": "100"}, "missing_lines": [], "excluded_lines": []}}, "classes": {"TestOrder": {"executed_lines": [26, 27, 29, 38, 39, 40, 41, 42, 43, 44, 48, 53, 55, 59, 65, 67, 71, 72, 73, 75, 76, 80, 81, 83, 85, 86, 87, 88, 92, 93, 95, 96, 100, 103, 104, 108, 110, 111, 112, 116, 117, 119, 127, 129], "summary": {"covered_lines": 44, "num_statements": 44, "percent_covered": 100.0, "percent_covered_display": "100", "missing_lines": 0, "excluded_lines": 0, "percent_statements_covered": 100.0, "percent_statements_covered_display": "100"}, "missing_lines": [], "excluded_lines": []}, "TestMPESATransaction": {"executed_lines": [142, 143, 150, 151, 152, 153, 157, 158, 160, 161, 166, 167, 170, 171, 174, 175, 179, 180, 181, 184, 187, 191, 192, 195, 196, 200, 202, 203, 207, 213, 214, 215, 219, 225, 226], "summary": {"covered_lines": 35, "num_statements": 35, "percent_covered": 100.0, "percent_covered_display": "100", "missing_lines": 0, "excluded_lines": 0, "percent_statements_covered": 100.0, "percent_statements_covered_display": "100"}, "missing_lines": [], "excluded_lines": []}, "TestOrderPayoutIntegration": {"executed_lines": [239, 240, 242, 243, 247, 254, 256, 257, 258, 262, 264, 265, 267, 271, 276, 277, 278], "summary": {"covered_lines": 17, "num_statements": 17, "percent_covered": 100.0, "percent_covered_display": "100", "missing_lines": 0, "excluded_lines": 0, "percent_statements_covered": 100.0, "percent_statements_covered_display": "100"}, "missing_lines": [], "excluded_lines": []}, "TestModelBBusinessLogic": {"executed_lines": [293, 294, 296, 303, 306, 310, 317, 320, 324, 329, 330, 331, 333, 334], "summary": {"covered_lines": 14, "num_statements": 14, "percent_covered": 100.0, "percent_covered_display": "100", "missing_lines": 0, "excluded_lines": 0, "percent_statements_covered": 100.0, "percent_statements_covered_display": "100"}, "missing_lines": [], "excluded_lines": []}, "": {"executed_lines": [1, 2, 3, 5, 6, 7, 12, 13, 20, 21, 22, 24, 46, 57, 69, 78, 90, 98, 106, 114, 136, 137, 138, 140, 155, 163, 177, 189, 198, 205, 217, 233, 234, 235, 237, 245, 260, 287, 288, 289, 291, 308, 322], "summary": {"covered_lines": 39, "num_statements": 39, "percent_covered": 100.0, "percent_covered_display": "100", "missing_lines": 0, "excluded_lines": 0, "percent_statements_covered": 100.0, "percent_statements_covered_display": "100"}, "missing_lines": [], "excluded_lines": []}}}, "apps/payments/urls.py": {"executed_lines": [1, 5, 7, 9, 11], "summary": {"covered_lines": 4, "num_statements": 4, "percent_covered": 100.0, "percent_covered_display": "100", "missing_lines": 0, "excluded_lines": 0, "percent_statements_covered": 100.0, "percent_statements_covered_display": "100"}, "missing_lines": [], "excluded_lines": [], "functions": {"": {"executed_lines": [1, 5, 7, 9, 11], "summary": {"covered_lines": 4, "num_statements": 4, "percent_covered": 100.0, "percent_covered_display": "100", "missing_lines": 0, "excluded_lines": 0, "percent_statements_covered": 100.0, "percent_statements_covered_display": "100"}, "missing_lines": [], "excluded_lines": []}}, "classes": {"": {"executed_lines": [1, 5, 7, 9, 11], "summary": {"covered_lines": 4, "num_statements": 4, "percent_covered": 100.0, "percent_covered_display": "100", "missing_lines": 0, "excluded_lines": 0, "percent_statements_covered": 100.0, "percent_statements_covered_display": "100"}, "missing_lines": [], "excluded_lines": []}}}, "apps/payments/views.py": {"executed_lines": [1, 7, 8, 9, 10, 12, 13, 14, 15, 16, 17, 18, 19, 20, 21, 22, 23, 25, 26, 27, 28, 29, 30, 38, 41, 42, 70, 72, 85, 86, 124, 126, 127, 128, 130, 131, 132, 133, 136, 137, 138, 139, 145, 146, 148, 154, 156, 161, 162, 163, 164, 170, 171, 172, 175, 176, 177, 178, 179, 180, 193, 195, 197, 198, 199, 211, 212, 215, 216, 217, 220, 221, 222, 225, 237, 242, 243, 248, 249, 252, 253, 254, 258, 259, 265, 273, 276, 277, 278, 280, 282, 283, 284, 297, 298, 324, 326, 327, 328, 333, 334, 339, 345, 354, 355, 356, 362, 363, 365, 367, 372, 373, 374, 376, 377, 378, 380, 381, 384, 385, 388, 389, 390, 392, 395, 396, 397, 400, 401, 403, 404, 405, 408, 409, 410, 411, 412, 415, 416, 417, 418, 421, 422, 423, 426, 427, 429, 438, 442, 445, 446, 447, 450, 451, 454, 458, 463, 470, 471, 476, 478, 533, 534, 535, 541, 542, 544, 571, 572, 573, 579, 580, 582, 607, 608, 613, 615, 672, 673, 674, 680, 681, 683], "summary": {"covered_lines": 173, "num_statements": 262, "percent_covered": 66.03053435114504, "percent_covered_display": "66", "missing_lines": 89, "excluded_lines": 0, "percent_statements_covered": 66.03053435114504, "percent_statements_covered_display": "66"}, "missing_lines": [73, 149, 183, 184, 185, 188, 288, 289, 290, 291, 347, 348, 465, 466, 467, 479, 480, 482, 484, 485, 489, 490, 496, 497, 500, 501, 502, 503, 505, 511, 512, 514, 520, 521, 525, 526, 527, 545, 550, 551, 552, 553, 556, 559, 564, 566, 567, 568, 583, 588, 589, 590, 591, 593, 595, 600, 602, 603, 604, 616, 617, 619, 621, 622, 624, 625, 630, 633, 635, 637, 643, 650, 654, 655, 659, 660, 664, 665, 666, 684, 689, 690, 691, 692, 694, 700, 702, 703, 704], "excluded_lines": [], "functions": {"PaymentAPIRoot.get": {"executed_lines": [], "summary": {"covered_lines": 0, "num_statements": 1, "percent_covered": 0.0, "percent_covered_display": "0", "missing_lines": 1, "excluded_lines": 0, "percent_statements_covered": 0.0, "percent_statements_covered_display": "0"}, "missing_lines": [73], "excluded_lines": []}, "InitiatePaymentView.post": {"executed_lines": [127, 128, 130, 131, 132, 133, 136, 137, 138, 139, 145, 146, 148, 154, 156, 161, 162, 163, 164, 170, 171, 172, 175, 176, 177, 178, 179, 180, 193, 195, 197, 198, 199, 211, 212, 215, 216, 217, 220, 221, 222, 225, 237, 242, 243, 248, 249, 252, 253, 254, 258, 259, 265, 273, 276, 277, 278, 280, 282, 283, 284], "summary": {"covered_lines": 61, "num_statements": 70, "percent_covered": 87.14285714285714, "percent_covered_display": "87", "missing_lines": 9, "excluded_lines": 0, "percent_statements_covered": 87.14285714285714, "percent_statements_covered_display": "87"}, "missing_lines": [149, 183, 184, 185, 188, 288, 289, 290, 291], "excluded_lines": []}, "PaymentStatusView.get": {"executed_lines": [327, 328, 333, 334, 339, 345], "summary": {"covered_lines": 6, "num_statements": 8, "percent_covered": 75.0, "percent_covered_display": "75", "missing_lines": 2, "excluded_lines": 0, "percent_statements_covered": 75.0, "percent_statements_covered_display": "75"}, "missing_lines": [347, 348], "excluded_lines": []}, "MpesaCallbackView.post": {"executed_lines": [367, 372, 373, 374, 376, 377, 378, 380, 381, 384, 385, 388, 389, 390, 392, 395, 396, 397, 400, 401, 403, 404, 405, 408, 409, 410, 411, 412, 415, 416, 417, 418, 421, 422, 423, 426, 427, 429, 438, 442, 445, 446, 447, 450, 451, 454, 458, 463], "summary": {"covered_lines": 48, "num_statements": 51, "percent_covered": 94.11764705882354, "percent_covered_display": "94", "missing_lines": 3, "excluded_lines": 0, "percent_statements_covered": 94.11764705882354, "percent_statements_covered_display": "94"}, "missing_lines": [465, 466, 467], "excluded_lines": []}, "InitiatePayoutView.post": {"executed_lines": [], "summary": {"covered_lines": 0, "num_statements": 22, "percent_covered": 0.0, "percent_covered_display": "0", "missing_lines": 22, "excluded_lines": 0, "percent_statements_covered": 0.0, "percent_statements_covered_display": "0"}, "missing_lines": [479, 480, 482, 484, 485, 489, 490, 496, 497, 500, 501, 502, 503, 505, 511, 512, 514, 520, 521, 525, 526, 527], "excluded_lines": []}, "B2CCallbackView.post": {"executed_lines": [], "summary": {"covered_lines": 0, "num_statements": 11, "percent_covered": 0.0, "percent_covered_display": "0", "missing_lines": 11, "excluded_lines": 0, "percent_statements_covered": 0.0, "percent_statements_covered_display": "0"}, "missing_lines": [545, 550, 551, 552, 553, 556, 559, 564, 566, 567, 568], "excluded_lines": []}, "B2BCallbackView.post": {"executed_lines": [], "summary": {"covered_lines": 0, "num_statements": 11, "percent_covered": 0.0, "percent_covered_display": "0", "missing_lines": 11, "excluded_lines": 0, "percent_statements_covered": 0.0, "percent_statements_covered_display": "0"}, "missing_lines": [583, 588, 589, 590, 591, 593, 595, 600, 602, 603, 604], "excluded_lines": []}, "InitiateReversalView.post": {"executed_lines": [], "summary": {"covered_lines": 0, "num_statements": 20, "percent_covered": 0.0, "percent_covered_display": "0", "missing_lines": 20, "excluded_lines": 0, "percent_statements_covered": 0.0, "percent_statements_covered_display": "0"}, "missing_lines": [616, 617, 619, 621, 622, 624, 625, 630, 633, 635, 637, 643, 650, 654, 655, 659, 660, 664, 665, 666], "excluded_lines": []}, "ReversalCallbackView.post": {"executed_lines": [], "summary": {"covered_lines": 0, "num_statements": 10, "percent_covered": 0.0, "percent_covered_display": "0", "missing_lines": 10, "excluded_lines": 0, "percent_statements_covered": 0.0, "percent_statements_covered_display": "0"}, "missing_lines": [684, 689, 690, 691, 692, 694, 700, 702, 703, 704], "excluded_lines": []}, "": {"executed_lines": [1, 7, 8, 9, 10, 12, 13, 14, 15, 16, 17, 18, 19, 20, 21, 22, 23, 25, 26, 27, 28, 29, 30, 38, 41, 42, 70, 72, 85, 86, 124, 126, 297, 298, 324, 326, 354, 355, 356, 362, 363, 365, 470, 471, 476, 478, 533, 534, 535, 541, 542, 544, 571, 572, 573, 579, 580, 582, 607, 608, 613, 615, 672, 673, 674, 680, 681, 683], "summary": {"covered_lines": 58, "num_statements": 58, "percent_covered": 100.0, "percent_covered_display": "100", "missing_lines": 0, "excluded_lines": 0, "percent_statements_covered": 100.0, "percent_statements_covered_display": "100"}, "missing_lines": [], "excluded_lines": []}}, "classes": {"PaymentAPIRoot": {"executed_lines": [], "summary": {"covered_lines": 0, "num_statements": 1, "percent_covered": 0.0, "percent_covered_display": "0", "missing_lines": 1, "excluded_lines": 0, "percent_statements_covered": 0.0, "percent_statements_covered_display": "0"}, "missing_lines": [73], "excluded_lines": []}, "InitiatePaymentView": {"executed_lines": [127, 128, 130, 131, 132, 133, 136, 137, 138, 139, 145, 146, 148, 154, 156, 161, 162, 163, 164, 170, 171, 172, 175, 176, 177, 178, 179, 180, 193, 195, 197, 198, 199, 211, 212, 215, 216, 217, 220, 221, 222, 225, 237, 242, 243, 248, 249, 252, 253, 254, 258, 259, 265, 273, 276, 277, 278, 280, 282, 283, 284], "summary": {"covered_lines": 61, "num_statements": 70, "percent_covered": 87.14285714285714, "percent_covered_display": "87", "missing_lines": 9, "excluded_lines": 0, "percent_statements_covered": 87.14285714285714, "percent_statements_covered_display": "87"}, "missing_lines": [149, 183, 184, 185, 188, 288, 289, 290, 291], "excluded_lines": []}, "PaymentStatusView": {"executed_lines": [327, 328, 333, 334, 339, 345], "summary": {"covered_lines": 6, "num_statements": 8, "percent_covered": 75.0, "percent_covered_display": "75", "missing_lines": 2, "excluded_lines": 0, "percent_statements_covered": 75.0, "percent_statements_covered_display": "75"}, "missing_lines": [347, 348], "excluded_lines": []}, "MpesaCallbackView": {"executed_lines": [367, 372, 373, 374, 376, 377, 378, 380, 381, 384, 385, 388, 389, 390, 392, 395, 396, 397, 400, 401, 403, 404, 405, 408, 409, 410, 411, 412, 415, 416, 417, 418, 421, 422, 423, 426, 427, 429, 438, 442, 445, 446, 447, 450, 451, 454, 458, 463], "summary": {"covered_lines": 48, "num_statements": 51, "percent_covered": 94.11764705882354, "percent_covered_display": "94", "missing_lines": 3, "excluded_lines": 0, "percent_statements_covered": 94.11764705882354, "percent_statements_covered_display": "94"}, "missing_lines": [465, 466, 467], "excluded_lines": []}, "InitiatePayoutView": {"executed_lines": [], "summary": {"covered_lines": 0, "num_statements": 22, "percent_covered": 0.0, "percent_covered_display": "0", "missing_lines": 22, "excluded_lines": 0, "percent_statements_covered": 0.0, "percent_statements_covered_display": "0"}, "missing_lines": [479, 480, 482, 484, 485, 489, 490, 496, 497, 500, 501, 502, 503, 505, 511, 512, 514, 520, 521, 525, 526, 527], "excluded_lines": []}, "B2CCallbackView": {"executed_lines": [], "summary": {"covered_lines": 0, "num_statements": 11, "percent_covered": 0.0, "percent_covered_display": "0", "missing_lines": 11, "excluded_lines": 0, "percent_statements_covered": 0.0, "percent_statements_covered_display": "0"}, "missing_lines": [545, 550, 551, 552, 553, 556, 559, 564, 566, 567, 568], "excluded_lines": []}, "B2BCallbackView": {"executed_lines": [], "summary": {"covered_lines": 0, "num_statements": 11, "percent_covered": 0.0, "percent_covered_display": "0", "missing_lines": 11, "excluded_lines": 0, "percent_statements_covered": 0.0, "percent_statements_covered_display": "0"}, "missing_lines": [583, 588, 589, 590, 591, 593, 595, 600, 602, 603, 604], "excluded_lines": []}, "InitiateReversalView": {"executed_lines": [], "summary": {"covered_lines": 0, "num_statements": 20, "percent_covered": 0.0, "percent_covered_display": "0", "missing_lines": 20, "excluded_lines": 0, "percent_statements_covered": 0.0, "percent_statements_covered_display": "0"}, "missing_lines": [616, 617, 619, 621, 622, 624, 625, 630, 633, 635, 637, 643, 650, 654, 655, 659, 660, 664, 665, 666], "excluded_lines": []}, "ReversalCallbackView": {"executed_lines": [], "summary": {"covered_lines": 0, "num_statements": 10, "percent_covered": 0.0, "percent_covered_display": "0", "missing_lines": 10, "excluded_lines": 0, "percent_statements_covered": 0.0, "percent_statements_covered_display": "0"}, "missing_lines": [684, 689, 690, 691, 692, 694, 700, 702, 703, 704], "excluded_lines": []}, "": {"executed_lines": [1, 7, 8, 9, 10, 12, 13, 14, 15, 16, 17, 18, 19, 20, 21, 22, 23, 25, 26, 27, 28, 29, 30, 38, 41, 42, 70, 72, 85, 86, 124, 126, 297, 298, 324, 326, 354, 355, 356, 362, 363, 365, 470, 471, 476, 478, 533, 534, 535, 541, 542, 544, 571, 572, 573, 579, 580, 582, 607, 608, 613, 615, 672, 673, 674, 680, 681, 683], "summary": {"covered_lines": 58, "num_statements": 58, "percent_covered": 100.0, "percent_covered_display": "100", "missing_lines": 0, "excluded_lines": 0, "percent_statements_covered": 100.0, "percent_statements_covered_display": "100"}, "missing_lines": [], "excluded_lines": []}}}}, "totals": {"covered_lines": 1543, "num_statements": 1850, "percent_covered": 83.4054054054054, "percent_covered_display": "83", "missing_lines": 307, "excluded_lines": 0, "percent_statements_covered": 83.4054054054054, "percent_statements_covered_display": "83"}}